#
# There is insufficient memory for the Java Runtime Environment to continue.
# Native memory allocation (mmap) failed to map 65536 bytes for Failed to commit metaspace.
# Possible reasons:
#   The system is out of physical RAM or swap space
#   The process is running with CompressedOops enabled, and the Java Heap may be blocking the growth of the native heap
# Possible solutions:
#   Reduce memory load on the system
#   Increase physical memory or swap space
#   Check if swap backing store is full
#   Decrease Java heap size (-Xmx/-Xms)
#   Decrease number of Java threads
#   Decrease Java thread stack sizes (-Xss)
#   Set larger code cache with -XX:ReservedCodeCacheSize=
#   JVM is running with Zero Based Compressed Oops mode in which the Java heap is
#     placed in the first 32GB address space. The Java Heap base address is the
#     maximum limit for the native heap growth. Please use -XX:HeapBaseMinAddress
#     to set the Java Heap base and to place the Java Heap above 32GB virtual address.
# This output file may be truncated or incomplete.
#
#  Out of Memory Error (virtualSpaceNode.cpp:110), pid=10196, tid=14928
#
# JRE version: OpenJDK Runtime Environment (17.0.2+8) (build 17.0.2+8-86)
# Java VM: OpenJDK 64-Bit Server VM (17.0.2+8-86, mixed mode, tiered, compressed oops, compressed class ptrs, g1 gc, windows-amd64)
# No core dump will be written. Minidumps are not enabled by default on client versions of Windows
#

---------------  S U M M A R Y ------------

Command Line: -javaagent:E:\IntelliJ IDEA 2021.1.3\lib\idea_rt.jar=7599:E:\IntelliJ IDEA 2021.1.3\bin -Dfile.encoding=UTF-8 com.yang.yangapiclientsdk.client.NameClient

Host: Intel(R) Core(TM) i5-8300H CPU @ 2.30GHz, 8 cores, 15G,  Windows 10 , 64 bit Build 19041 (10.0.19041.3636)
Time: Sat Jan  6 16:08:53 2024  Windows 10 , 64 bit Build 19041 (10.0.19041.3636) elapsed time: 0.091175 seconds (0d 0h 0m 0s)

---------------  T H R E A D  ---------------

Current thread (0x0000021f55fd82e0):  JavaThread "main" [_thread_in_vm, id=14928, stack(0x000000ddfc500000,0x000000ddfc600000)]

Stack: [0x000000ddfc500000,0x000000ddfc600000]
Native frames: (J=compiled Java code, j=interpreted, Vv=VM code, C=native code)
V  [jvm.dll+0x670baa]
V  [jvm.dll+0x7cfcb4]
V  [jvm.dll+0x7d145e]
V  [jvm.dll+0x7d1ac3]
V  [jvm.dll+0x242bc5]
V  [jvm.dll+0x7cbc5b]
V  [jvm.dll+0x616966]
V  [jvm.dll+0x6169ca]
V  [jvm.dll+0x6191da]
V  [jvm.dll+0x617306]
V  [jvm.dll+0x23718f]
V  [jvm.dll+0x621015]
V  [jvm.dll+0x1e7e2b]
V  [jvm.dll+0x1e8365]
V  [jvm.dll+0x1e8d9f]
V  [jvm.dll+0x1de251]
V  [jvm.dll+0x537c30]
V  [jvm.dll+0x1eea37]
V  [jvm.dll+0x74a15b]
V  [jvm.dll+0x74b502]
V  [jvm.dll+0x74b838]
V  [jvm.dll+0x23af1e]
V  [jvm.dll+0x23b16f]
V  [jvm.dll+0x5559e3]
V  [jvm.dll+0x557e64]
V  [jvm.dll+0x37eefe]
V  [jvm.dll+0x37e9a2]
C  0x0000021f5d838abe

Java frames: (J=compiled Java code, j=interpreted, Vv=VM code)
j  jdk.internal.module.ModuleBootstrap.initModulePatcher()Ljdk/internal/module/ModulePatcher;+3 java.base
j  jdk.internal.module.ModuleBootstrap.<clinit>()V+28 java.base
v  ~StubRoutines::call_stub
j  java.lang.System.initPhase2(ZZ)I+0 java.base
v  ~StubRoutines::call_stub

---------------  P R O C E S S  ---------------

Threads class SMR info:
_java_thread_list=0x0000021f00874020, length=10, elements={
0x0000021f55fd82e0, 0x0000021f78cdf6a0, 0x0000021f00865160, 0x0000021f008d0960,
0x0000021f0089d180, 0x0000021f0089db30, 0x0000021f00877200, 0x0000021f00877f90,
0x0000021f008a7530, 0x0000021f008aaef0
}

Java Threads: ( => current thread )
=>0x0000021f55fd82e0 JavaThread "main" [_thread_in_vm, id=14928, stack(0x000000ddfc500000,0x000000ddfc600000)]
  0x0000021f78cdf6a0 JavaThread "Reference Handler" daemon [_thread_blocked, id=18560, stack(0x000000ddfcc00000,0x000000ddfcd00000)]
  0x0000021f00865160 JavaThread "Finalizer" daemon [_thread_blocked, id=1272, stack(0x000000ddfcd00000,0x000000ddfce00000)]
  0x0000021f008d0960 JavaThread "Signal Dispatcher" daemon [_thread_blocked, id=8268, stack(0x000000ddfce00000,0x000000ddfcf00000)]
  0x0000021f0089d180 JavaThread "Attach Listener" daemon [_thread_blocked, id=13904, stack(0x000000ddfcf00000,0x000000ddfd000000)]
  0x0000021f0089db30 JavaThread "Service Thread" daemon [_thread_blocked, id=15292, stack(0x000000ddfd000000,0x000000ddfd100000)]
  0x0000021f00877200 JavaThread "Monitor Deflation Thread" daemon [_thread_blocked, id=15432, stack(0x000000ddfd100000,0x000000ddfd200000)]
  0x0000021f00877f90 JavaThread "C2 CompilerThread0" daemon [_thread_blocked, id=1248, stack(0x000000ddfd200000,0x000000ddfd300000)]
  0x0000021f008a7530 JavaThread "C1 CompilerThread0" daemon [_thread_blocked, id=17280, stack(0x000000ddfd300000,0x000000ddfd400000)]
  0x0000021f008aaef0 JavaThread "Sweeper thread" daemon [_thread_blocked, id=3620, stack(0x000000ddfd400000,0x000000ddfd500000)]

Other Threads:
  0x0000021f78cf6a50 VMThread "VM Thread" [stack: 0x000000ddfcb00000,0x000000ddfcc00000] [id=16528]
  0x0000021f560279a0 GCTaskThread "GC Thread#0" [stack: 0x000000ddfc600000,0x000000ddfc700000] [id=14220]
  0x0000021f560386f0 ConcurrentGCThread "G1 Main Marker" [stack: 0x000000ddfc700000,0x000000ddfc800000] [id=16368]
  0x0000021f560398a0 ConcurrentGCThread "G1 Conc#0" [stack: 0x000000ddfc800000,0x000000ddfc900000] [id=12228]
  0x0000021f560aebe0 ConcurrentGCThread "G1 Refine#0" [stack: 0x000000ddfc900000,0x000000ddfca00000] [id=8816]
  0x0000021f78b8fb90 ConcurrentGCThread "G1 Service" [stack: 0x000000ddfca00000,0x000000ddfcb00000] [id=17264]

Threads with active compile tasks:

VM state: not at safepoint (normal execution)

VM Mutex/Monitor currently owned by a thread:  ([mutex/lock_event])
[0x0000021f55fd1cf0] Metaspace_lock - owner thread: 0x0000021f55fd82e0

Heap address: 0x0000000701e00000, size: 4066 MB, Compressed Oops mode: Zero based, Oop shift amount: 3

CDS archive(s) not mapped
Compressed class space mapped at: 0x0000000800000000-0x0000000840000000, reserved size: 1073741824
Narrow klass base: 0x0000000800000000, Narrow klass shift: 0, Narrow klass range: 0x40000000

GC Precious Log:
 CPUs: 8 total, 8 available
 Memory: 16258M
 Large Page Support: Disabled
 NUMA Support: Disabled
 Compressed Oops: Enabled (Zero based)
 Heap Region Size: 2M
 Heap Min Capacity: 8M
 Heap Initial Capacity: 256M
 Heap Max Capacity: 4066M
 Pre-touch: Disabled
 Parallel Workers: 8
 Concurrent Workers: 2
 Concurrent Refinement Workers: 8
 Periodic GC: Disabled

Heap:
 garbage-first heap   total 262144K, used 0K [0x0000000701e00000, 0x0000000800000000)
  region size 2048K, 1 young (2048K), 0 survivors (0K)
 Metaspace       used 2769K, committed 2816K, reserved 1056768K
  class space    used 209K, committed 256K, reserved 1048576K

Heap Regions: E=young(eden), S=young(survivor), O=old, HS=humongous(starts), HC=humongous(continues), CS=collection set, F=free, OA=open archive, CA=closed archive, TAMS=top-at-mark-start (previous, next)
|   0|0x0000000701e00000, 0x0000000701e00000, 0x0000000702000000|  0%| F|  |TAMS 0x0000000701e00000, 0x0000000701e00000| Untracked 
|   1|0x0000000702000000, 0x0000000702000000, 0x0000000702200000|  0%| F|  |TAMS 0x0000000702000000, 0x0000000702000000| Untracked 
|   2|0x0000000702200000, 0x0000000702200000, 0x0000000702400000|  0%| F|  |TAMS 0x0000000702200000, 0x0000000702200000| Untracked 
|   3|0x0000000702400000, 0x0000000702400000, 0x0000000702600000|  0%| F|  |TAMS 0x0000000702400000, 0x0000000702400000| Untracked 
|   4|0x0000000702600000, 0x0000000702600000, 0x0000000702800000|  0%| F|  |TAMS 0x0000000702600000, 0x0000000702600000| Untracked 
|   5|0x0000000702800000, 0x0000000702800000, 0x0000000702a00000|  0%| F|  |TAMS 0x0000000702800000, 0x0000000702800000| Untracked 
|   6|0x0000000702a00000, 0x0000000702a00000, 0x0000000702c00000|  0%| F|  |TAMS 0x0000000702a00000, 0x0000000702a00000| Untracked 
|   7|0x0000000702c00000, 0x0000000702c00000, 0x0000000702e00000|  0%| F|  |TAMS 0x0000000702c00000, 0x0000000702c00000| Untracked 
|   8|0x0000000702e00000, 0x0000000702e00000, 0x0000000703000000|  0%| F|  |TAMS 0x0000000702e00000, 0x0000000702e00000| Untracked 
|   9|0x0000000703000000, 0x0000000703000000, 0x0000000703200000|  0%| F|  |TAMS 0x0000000703000000, 0x0000000703000000| Untracked 
|  10|0x0000000703200000, 0x0000000703200000, 0x0000000703400000|  0%| F|  |TAMS 0x0000000703200000, 0x0000000703200000| Untracked 
|  11|0x0000000703400000, 0x0000000703400000, 0x0000000703600000|  0%| F|  |TAMS 0x0000000703400000, 0x0000000703400000| Untracked 
|  12|0x0000000703600000, 0x0000000703600000, 0x0000000703800000|  0%| F|  |TAMS 0x0000000703600000, 0x0000000703600000| Untracked 
|  13|0x0000000703800000, 0x0000000703800000, 0x0000000703a00000|  0%| F|  |TAMS 0x0000000703800000, 0x0000000703800000| Untracked 
|  14|0x0000000703a00000, 0x0000000703a00000, 0x0000000703c00000|  0%| F|  |TAMS 0x0000000703a00000, 0x0000000703a00000| Untracked 
|  15|0x0000000703c00000, 0x0000000703c00000, 0x0000000703e00000|  0%| F|  |TAMS 0x0000000703c00000, 0x0000000703c00000| Untracked 
|  16|0x0000000703e00000, 0x0000000703e00000, 0x0000000704000000|  0%| F|  |TAMS 0x0000000703e00000, 0x0000000703e00000| Untracked 
|  17|0x0000000704000000, 0x0000000704000000, 0x0000000704200000|  0%| F|  |TAMS 0x0000000704000000, 0x0000000704000000| Untracked 
|  18|0x0000000704200000, 0x0000000704200000, 0x0000000704400000|  0%| F|  |TAMS 0x0000000704200000, 0x0000000704200000| Untracked 
|  19|0x0000000704400000, 0x0000000704400000, 0x0000000704600000|  0%| F|  |TAMS 0x0000000704400000, 0x0000000704400000| Untracked 
|  20|0x0000000704600000, 0x0000000704600000, 0x0000000704800000|  0%| F|  |TAMS 0x0000000704600000, 0x0000000704600000| Untracked 
|  21|0x0000000704800000, 0x0000000704800000, 0x0000000704a00000|  0%| F|  |TAMS 0x0000000704800000, 0x0000000704800000| Untracked 
|  22|0x0000000704a00000, 0x0000000704a00000, 0x0000000704c00000|  0%| F|  |TAMS 0x0000000704a00000, 0x0000000704a00000| Untracked 
|  23|0x0000000704c00000, 0x0000000704c00000, 0x0000000704e00000|  0%| F|  |TAMS 0x0000000704c00000, 0x0000000704c00000| Untracked 
|  24|0x0000000704e00000, 0x0000000704e00000, 0x0000000705000000|  0%| F|  |TAMS 0x0000000704e00000, 0x0000000704e00000| Untracked 
|  25|0x0000000705000000, 0x0000000705000000, 0x0000000705200000|  0%| F|  |TAMS 0x0000000705000000, 0x0000000705000000| Untracked 
|  26|0x0000000705200000, 0x0000000705200000, 0x0000000705400000|  0%| F|  |TAMS 0x0000000705200000, 0x0000000705200000| Untracked 
|  27|0x0000000705400000, 0x0000000705400000, 0x0000000705600000|  0%| F|  |TAMS 0x0000000705400000, 0x0000000705400000| Untracked 
|  28|0x0000000705600000, 0x0000000705600000, 0x0000000705800000|  0%| F|  |TAMS 0x0000000705600000, 0x0000000705600000| Untracked 
|  29|0x0000000705800000, 0x0000000705800000, 0x0000000705a00000|  0%| F|  |TAMS 0x0000000705800000, 0x0000000705800000| Untracked 
|  30|0x0000000705a00000, 0x0000000705a00000, 0x0000000705c00000|  0%| F|  |TAMS 0x0000000705a00000, 0x0000000705a00000| Untracked 
|  31|0x0000000705c00000, 0x0000000705c00000, 0x0000000705e00000|  0%| F|  |TAMS 0x0000000705c00000, 0x0000000705c00000| Untracked 
|  32|0x0000000705e00000, 0x0000000705e00000, 0x0000000706000000|  0%| F|  |TAMS 0x0000000705e00000, 0x0000000705e00000| Untracked 
|  33|0x0000000706000000, 0x0000000706000000, 0x0000000706200000|  0%| F|  |TAMS 0x0000000706000000, 0x0000000706000000| Untracked 
|  34|0x0000000706200000, 0x0000000706200000, 0x0000000706400000|  0%| F|  |TAMS 0x0000000706200000, 0x0000000706200000| Untracked 
|  35|0x0000000706400000, 0x0000000706400000, 0x0000000706600000|  0%| F|  |TAMS 0x0000000706400000, 0x0000000706400000| Untracked 
|  36|0x0000000706600000, 0x0000000706600000, 0x0000000706800000|  0%| F|  |TAMS 0x0000000706600000, 0x0000000706600000| Untracked 
|  37|0x0000000706800000, 0x0000000706800000, 0x0000000706a00000|  0%| F|  |TAMS 0x0000000706800000, 0x0000000706800000| Untracked 
|  38|0x0000000706a00000, 0x0000000706a00000, 0x0000000706c00000|  0%| F|  |TAMS 0x0000000706a00000, 0x0000000706a00000| Untracked 
|  39|0x0000000706c00000, 0x0000000706c00000, 0x0000000706e00000|  0%| F|  |TAMS 0x0000000706c00000, 0x0000000706c00000| Untracked 
|  40|0x0000000706e00000, 0x0000000706e00000, 0x0000000707000000|  0%| F|  |TAMS 0x0000000706e00000, 0x0000000706e00000| Untracked 
|  41|0x0000000707000000, 0x0000000707000000, 0x0000000707200000|  0%| F|  |TAMS 0x0000000707000000, 0x0000000707000000| Untracked 
|  42|0x0000000707200000, 0x0000000707200000, 0x0000000707400000|  0%| F|  |TAMS 0x0000000707200000, 0x0000000707200000| Untracked 
|  43|0x0000000707400000, 0x0000000707400000, 0x0000000707600000|  0%| F|  |TAMS 0x0000000707400000, 0x0000000707400000| Untracked 
|  44|0x0000000707600000, 0x0000000707600000, 0x0000000707800000|  0%| F|  |TAMS 0x0000000707600000, 0x0000000707600000| Untracked 
|  45|0x0000000707800000, 0x0000000707800000, 0x0000000707a00000|  0%| F|  |TAMS 0x0000000707800000, 0x0000000707800000| Untracked 
|  46|0x0000000707a00000, 0x0000000707a00000, 0x0000000707c00000|  0%| F|  |TAMS 0x0000000707a00000, 0x0000000707a00000| Untracked 
|  47|0x0000000707c00000, 0x0000000707c00000, 0x0000000707e00000|  0%| F|  |TAMS 0x0000000707c00000, 0x0000000707c00000| Untracked 
|  48|0x0000000707e00000, 0x0000000707e00000, 0x0000000708000000|  0%| F|  |TAMS 0x0000000707e00000, 0x0000000707e00000| Untracked 
|  49|0x0000000708000000, 0x0000000708000000, 0x0000000708200000|  0%| F|  |TAMS 0x0000000708000000, 0x0000000708000000| Untracked 
|  50|0x0000000708200000, 0x0000000708200000, 0x0000000708400000|  0%| F|  |TAMS 0x0000000708200000, 0x0000000708200000| Untracked 
|  51|0x0000000708400000, 0x0000000708400000, 0x0000000708600000|  0%| F|  |TAMS 0x0000000708400000, 0x0000000708400000| Untracked 
|  52|0x0000000708600000, 0x0000000708600000, 0x0000000708800000|  0%| F|  |TAMS 0x0000000708600000, 0x0000000708600000| Untracked 
|  53|0x0000000708800000, 0x0000000708800000, 0x0000000708a00000|  0%| F|  |TAMS 0x0000000708800000, 0x0000000708800000| Untracked 
|  54|0x0000000708a00000, 0x0000000708a00000, 0x0000000708c00000|  0%| F|  |TAMS 0x0000000708a00000, 0x0000000708a00000| Untracked 
|  55|0x0000000708c00000, 0x0000000708c00000, 0x0000000708e00000|  0%| F|  |TAMS 0x0000000708c00000, 0x0000000708c00000| Untracked 
|  56|0x0000000708e00000, 0x0000000708e00000, 0x0000000709000000|  0%| F|  |TAMS 0x0000000708e00000, 0x0000000708e00000| Untracked 
|  57|0x0000000709000000, 0x0000000709000000, 0x0000000709200000|  0%| F|  |TAMS 0x0000000709000000, 0x0000000709000000| Untracked 
|  58|0x0000000709200000, 0x0000000709200000, 0x0000000709400000|  0%| F|  |TAMS 0x0000000709200000, 0x0000000709200000| Untracked 
|  59|0x0000000709400000, 0x0000000709400000, 0x0000000709600000|  0%| F|  |TAMS 0x0000000709400000, 0x0000000709400000| Untracked 
|  60|0x0000000709600000, 0x0000000709600000, 0x0000000709800000|  0%| F|  |TAMS 0x0000000709600000, 0x0000000709600000| Untracked 
|  61|0x0000000709800000, 0x0000000709800000, 0x0000000709a00000|  0%| F|  |TAMS 0x0000000709800000, 0x0000000709800000| Untracked 
|  62|0x0000000709a00000, 0x0000000709a00000, 0x0000000709c00000|  0%| F|  |TAMS 0x0000000709a00000, 0x0000000709a00000| Untracked 
|  63|0x0000000709c00000, 0x0000000709c00000, 0x0000000709e00000|  0%| F|  |TAMS 0x0000000709c00000, 0x0000000709c00000| Untracked 
|  64|0x0000000709e00000, 0x0000000709e00000, 0x000000070a000000|  0%| F|  |TAMS 0x0000000709e00000, 0x0000000709e00000| Untracked 
|  65|0x000000070a000000, 0x000000070a000000, 0x000000070a200000|  0%| F|  |TAMS 0x000000070a000000, 0x000000070a000000| Untracked 
|  66|0x000000070a200000, 0x000000070a200000, 0x000000070a400000|  0%| F|  |TAMS 0x000000070a200000, 0x000000070a200000| Untracked 
|  67|0x000000070a400000, 0x000000070a400000, 0x000000070a600000|  0%| F|  |TAMS 0x000000070a400000, 0x000000070a400000| Untracked 
|  68|0x000000070a600000, 0x000000070a600000, 0x000000070a800000|  0%| F|  |TAMS 0x000000070a600000, 0x000000070a600000| Untracked 
|  69|0x000000070a800000, 0x000000070a800000, 0x000000070aa00000|  0%| F|  |TAMS 0x000000070a800000, 0x000000070a800000| Untracked 
|  70|0x000000070aa00000, 0x000000070aa00000, 0x000000070ac00000|  0%| F|  |TAMS 0x000000070aa00000, 0x000000070aa00000| Untracked 
|  71|0x000000070ac00000, 0x000000070ac00000, 0x000000070ae00000|  0%| F|  |TAMS 0x000000070ac00000, 0x000000070ac00000| Untracked 
|  72|0x000000070ae00000, 0x000000070ae00000, 0x000000070b000000|  0%| F|  |TAMS 0x000000070ae00000, 0x000000070ae00000| Untracked 
|  73|0x000000070b000000, 0x000000070b000000, 0x000000070b200000|  0%| F|  |TAMS 0x000000070b000000, 0x000000070b000000| Untracked 
|  74|0x000000070b200000, 0x000000070b200000, 0x000000070b400000|  0%| F|  |TAMS 0x000000070b200000, 0x000000070b200000| Untracked 
|  75|0x000000070b400000, 0x000000070b400000, 0x000000070b600000|  0%| F|  |TAMS 0x000000070b400000, 0x000000070b400000| Untracked 
|  76|0x000000070b600000, 0x000000070b600000, 0x000000070b800000|  0%| F|  |TAMS 0x000000070b600000, 0x000000070b600000| Untracked 
|  77|0x000000070b800000, 0x000000070b800000, 0x000000070ba00000|  0%| F|  |TAMS 0x000000070b800000, 0x000000070b800000| Untracked 
|  78|0x000000070ba00000, 0x000000070ba00000, 0x000000070bc00000|  0%| F|  |TAMS 0x000000070ba00000, 0x000000070ba00000| Untracked 
|  79|0x000000070bc00000, 0x000000070bc00000, 0x000000070be00000|  0%| F|  |TAMS 0x000000070bc00000, 0x000000070bc00000| Untracked 
|  80|0x000000070be00000, 0x000000070be00000, 0x000000070c000000|  0%| F|  |TAMS 0x000000070be00000, 0x000000070be00000| Untracked 
|  81|0x000000070c000000, 0x000000070c000000, 0x000000070c200000|  0%| F|  |TAMS 0x000000070c000000, 0x000000070c000000| Untracked 
|  82|0x000000070c200000, 0x000000070c200000, 0x000000070c400000|  0%| F|  |TAMS 0x000000070c200000, 0x000000070c200000| Untracked 
|  83|0x000000070c400000, 0x000000070c400000, 0x000000070c600000|  0%| F|  |TAMS 0x000000070c400000, 0x000000070c400000| Untracked 
|  84|0x000000070c600000, 0x000000070c600000, 0x000000070c800000|  0%| F|  |TAMS 0x000000070c600000, 0x000000070c600000| Untracked 
|  85|0x000000070c800000, 0x000000070c800000, 0x000000070ca00000|  0%| F|  |TAMS 0x000000070c800000, 0x000000070c800000| Untracked 
|  86|0x000000070ca00000, 0x000000070ca00000, 0x000000070cc00000|  0%| F|  |TAMS 0x000000070ca00000, 0x000000070ca00000| Untracked 
|  87|0x000000070cc00000, 0x000000070cc00000, 0x000000070ce00000|  0%| F|  |TAMS 0x000000070cc00000, 0x000000070cc00000| Untracked 
|  88|0x000000070ce00000, 0x000000070ce00000, 0x000000070d000000|  0%| F|  |TAMS 0x000000070ce00000, 0x000000070ce00000| Untracked 
|  89|0x000000070d000000, 0x000000070d000000, 0x000000070d200000|  0%| F|  |TAMS 0x000000070d000000, 0x000000070d000000| Untracked 
|  90|0x000000070d200000, 0x000000070d200000, 0x000000070d400000|  0%| F|  |TAMS 0x000000070d200000, 0x000000070d200000| Untracked 
|  91|0x000000070d400000, 0x000000070d400000, 0x000000070d600000|  0%| F|  |TAMS 0x000000070d400000, 0x000000070d400000| Untracked 
|  92|0x000000070d600000, 0x000000070d600000, 0x000000070d800000|  0%| F|  |TAMS 0x000000070d600000, 0x000000070d600000| Untracked 
|  93|0x000000070d800000, 0x000000070d800000, 0x000000070da00000|  0%| F|  |TAMS 0x000000070d800000, 0x000000070d800000| Untracked 
|  94|0x000000070da00000, 0x000000070da00000, 0x000000070dc00000|  0%| F|  |TAMS 0x000000070da00000, 0x000000070da00000| Untracked 
|  95|0x000000070dc00000, 0x000000070dc00000, 0x000000070de00000|  0%| F|  |TAMS 0x000000070dc00000, 0x000000070dc00000| Untracked 
|  96|0x000000070de00000, 0x000000070de00000, 0x000000070e000000|  0%| F|  |TAMS 0x000000070de00000, 0x000000070de00000| Untracked 
|  97|0x000000070e000000, 0x000000070e000000, 0x000000070e200000|  0%| F|  |TAMS 0x000000070e000000, 0x000000070e000000| Untracked 
|  98|0x000000070e200000, 0x000000070e200000, 0x000000070e400000|  0%| F|  |TAMS 0x000000070e200000, 0x000000070e200000| Untracked 
|  99|0x000000070e400000, 0x000000070e400000, 0x000000070e600000|  0%| F|  |TAMS 0x000000070e400000, 0x000000070e400000| Untracked 
| 100|0x000000070e600000, 0x000000070e600000, 0x000000070e800000|  0%| F|  |TAMS 0x000000070e600000, 0x000000070e600000| Untracked 
| 101|0x000000070e800000, 0x000000070e800000, 0x000000070ea00000|  0%| F|  |TAMS 0x000000070e800000, 0x000000070e800000| Untracked 
| 102|0x000000070ea00000, 0x000000070ea00000, 0x000000070ec00000|  0%| F|  |TAMS 0x000000070ea00000, 0x000000070ea00000| Untracked 
| 103|0x000000070ec00000, 0x000000070ec00000, 0x000000070ee00000|  0%| F|  |TAMS 0x000000070ec00000, 0x000000070ec00000| Untracked 
| 104|0x000000070ee00000, 0x000000070ee00000, 0x000000070f000000|  0%| F|  |TAMS 0x000000070ee00000, 0x000000070ee00000| Untracked 
| 105|0x000000070f000000, 0x000000070f000000, 0x000000070f200000|  0%| F|  |TAMS 0x000000070f000000, 0x000000070f000000| Untracked 
| 106|0x000000070f200000, 0x000000070f200000, 0x000000070f400000|  0%| F|  |TAMS 0x000000070f200000, 0x000000070f200000| Untracked 
| 107|0x000000070f400000, 0x000000070f400000, 0x000000070f600000|  0%| F|  |TAMS 0x000000070f400000, 0x000000070f400000| Untracked 
| 108|0x000000070f600000, 0x000000070f600000, 0x000000070f800000|  0%| F|  |TAMS 0x000000070f600000, 0x000000070f600000| Untracked 
| 109|0x000000070f800000, 0x000000070f800000, 0x000000070fa00000|  0%| F|  |TAMS 0x000000070f800000, 0x000000070f800000| Untracked 
| 110|0x000000070fa00000, 0x000000070fa00000, 0x000000070fc00000|  0%| F|  |TAMS 0x000000070fa00000, 0x000000070fa00000| Untracked 
| 111|0x000000070fc00000, 0x000000070fc00000, 0x000000070fe00000|  0%| F|  |TAMS 0x000000070fc00000, 0x000000070fc00000| Untracked 
| 112|0x000000070fe00000, 0x000000070fe00000, 0x0000000710000000|  0%| F|  |TAMS 0x000000070fe00000, 0x000000070fe00000| Untracked 
| 113|0x0000000710000000, 0x0000000710000000, 0x0000000710200000|  0%| F|  |TAMS 0x0000000710000000, 0x0000000710000000| Untracked 
| 114|0x0000000710200000, 0x0000000710200000, 0x0000000710400000|  0%| F|  |TAMS 0x0000000710200000, 0x0000000710200000| Untracked 
| 115|0x0000000710400000, 0x0000000710400000, 0x0000000710600000|  0%| F|  |TAMS 0x0000000710400000, 0x0000000710400000| Untracked 
| 116|0x0000000710600000, 0x0000000710600000, 0x0000000710800000|  0%| F|  |TAMS 0x0000000710600000, 0x0000000710600000| Untracked 
| 117|0x0000000710800000, 0x0000000710800000, 0x0000000710a00000|  0%| F|  |TAMS 0x0000000710800000, 0x0000000710800000| Untracked 
| 118|0x0000000710a00000, 0x0000000710a00000, 0x0000000710c00000|  0%| F|  |TAMS 0x0000000710a00000, 0x0000000710a00000| Untracked 
| 119|0x0000000710c00000, 0x0000000710c00000, 0x0000000710e00000|  0%| F|  |TAMS 0x0000000710c00000, 0x0000000710c00000| Untracked 
| 120|0x0000000710e00000, 0x0000000710e00000, 0x0000000711000000|  0%| F|  |TAMS 0x0000000710e00000, 0x0000000710e00000| Untracked 
| 121|0x0000000711000000, 0x0000000711000000, 0x0000000711200000|  0%| F|  |TAMS 0x0000000711000000, 0x0000000711000000| Untracked 
| 122|0x0000000711200000, 0x0000000711200000, 0x0000000711400000|  0%| F|  |TAMS 0x0000000711200000, 0x0000000711200000| Untracked 
| 123|0x0000000711400000, 0x0000000711400000, 0x0000000711600000|  0%| F|  |TAMS 0x0000000711400000, 0x0000000711400000| Untracked 
| 124|0x0000000711600000, 0x0000000711600000, 0x0000000711800000|  0%| F|  |TAMS 0x0000000711600000, 0x0000000711600000| Untracked 
| 125|0x0000000711800000, 0x0000000711800000, 0x0000000711a00000|  0%| F|  |TAMS 0x0000000711800000, 0x0000000711800000| Untracked 
| 126|0x0000000711a00000, 0x0000000711a00000, 0x0000000711c00000|  0%| F|  |TAMS 0x0000000711a00000, 0x0000000711a00000| Untracked 
| 127|0x0000000711c00000, 0x0000000711ce15a8, 0x0000000711e00000| 44%| E|  |TAMS 0x0000000711c00000, 0x0000000711c00000| Complete 

Card table byte_map: [0x0000021f6d350000,0x0000021f6db50000] _byte_map_base: 0x0000021f69b41000

Marking Bits (Prev, Next): (CMBitMap*) 0x0000021f56027fb0, (CMBitMap*) 0x0000021f56027ff0
 Prev Bits: [0x0000021f6e350000, 0x0000021f722d8000)
 Next Bits: [0x0000021f722e0000, 0x0000021f76268000)

Polling page: 0x0000021f53f90000

Metaspace:

Usage:
  Non-class:      2.50 MB used.
      Class:    209.42 KB used.
       Both:      2.70 MB used.

Virtual space:
  Non-class space:        8.00 MB reserved,       2.50 MB ( 31%) committed,  1 nodes.
      Class space:        1.00 GB reserved,     256.00 KB ( <1%) committed,  1 nodes.
             Both:        1.01 GB reserved,       2.75 MB ( <1%) committed. 

Chunk freelists:
   Non-Class:  0 bytes
       Class:  3.75 MB
        Both:  3.75 MB

MaxMetaspaceSize: unlimited
CompressedClassSpaceSize: 1.00 GB
Initial GC threshold: 21.00 MB
Current GC threshold: 21.00 MB
CDS: off
MetaspaceReclaimPolicy: balanced
 - commit_granule_bytes: 65536.
 - commit_granule_words: 8192.
 - virtual_space_node_default_size: 1048576.
 - enlarge_chunks_in_place: 1.
 - new_chunks_are_fully_committed: 0.
 - uncommit_free_chunks: 1.
 - use_allocation_guard: 0.
 - handle_deallocations: 1.


Internal statistics:

num_allocs_failed_limit: 0.
num_arena_births: 2.
num_arena_deaths: 0.
num_vsnodes_births: 2.
num_vsnodes_deaths: 0.
num_space_committed: 44.
num_space_uncommitted: 0.
num_chunks_returned_to_freelist: 0.
num_chunks_taken_from_freelist: 3.
num_chunk_merges: 0.
num_chunk_splits: 1.
num_chunks_enlarged: 0.
num_purges: 0.
num_inconsistent_stats: 0.

CodeHeap 'non-profiled nmethods': size=120000Kb used=0Kb max_used=0Kb free=120000Kb
 bounds [0x0000021f652f0000, 0x0000021f65560000, 0x0000021f6c820000]
CodeHeap 'profiled nmethods': size=120000Kb used=0Kb max_used=0Kb free=119999Kb
 bounds [0x0000021f5ddc0000, 0x0000021f5e030000, 0x0000021f652f0000]
CodeHeap 'non-nmethods': size=5760Kb used=1020Kb max_used=1033Kb free=4739Kb
 bounds [0x0000021f5d820000, 0x0000021f5da90000, 0x0000021f5ddc0000]
 total_blobs=274 nmethods=1 adapters=187
 compilation: enabled
              stopped_count=0, restarted_count=0
 full_count=0

Compilation events (2 events):
Event: 0.088 Thread 0x0000021f008a7530    1       3       java.lang.String::isLatin1 (19 bytes)
Event: 0.088 Thread 0x0000021f008a7530 nmethod 1 0x0000021f5ddc0010 code [0x0000021f5ddc01a0, 0x0000021f5ddc0318]

GC Heap History (0 events):
No events

Deoptimization events (0 events):
No events

Classes unloaded (0 events):
No events

Classes redefined (0 events):
No events

Internal exceptions (0 events):
No events

VM Operations (0 events):
No events

Events (20 events):
Event: 0.086 Thread 0x0000021f008d0960 Thread added: 0x0000021f008d0960
Event: 0.086 Thread 0x0000021f0089d180 Thread added: 0x0000021f0089d180
Event: 0.086 Thread 0x0000021f0089db30 Thread added: 0x0000021f0089db30
Event: 0.086 Thread 0x0000021f00877200 Thread added: 0x0000021f00877200
Event: 0.086 Thread 0x0000021f00877f90 Thread added: 0x0000021f00877f90
Event: 0.086 Thread 0x0000021f008a7530 Thread added: 0x0000021f008a7530
Event: 0.086 Thread 0x0000021f008aaef0 Thread added: 0x0000021f008aaef0
Event: 0.087 loading class java/lang/invoke/MethodHandleStatics
Event: 0.087 loading class java/lang/invoke/MethodHandleStatics done
Event: 0.087 loading class jdk/internal/module/ModuleBootstrap
Event: 0.088 loading class jdk/internal/module/ModuleBootstrap done
Event: 0.088 loading class java/lang/module/ModuleDescriptor
Event: 0.089 loading class java/lang/module/ModuleDescriptor done
Event: 0.089 loading class sun/invoke/util/VerifyAccess
Event: 0.089 loading class sun/invoke/util/VerifyAccess done
Event: 0.089 loading class java/lang/module/ModuleDescriptor$1
Event: 0.089 loading class jdk/internal/access/JavaLangModuleAccess
Event: 0.089 loading class jdk/internal/access/JavaLangModuleAccess done
Event: 0.089 loading class java/lang/module/ModuleDescriptor$1 done
Event: 0.089 loading class java/io/File


Dynamic libraries:
0x00007ff7d39e0000 - 0x00007ff7d39ee000 	C:\Users\lzayoi\.jdks\openjdk-17.0.2\bin\java.exe
0x00007ff856ff0000 - 0x00007ff8571e8000 	C:\WINDOWS\SYSTEM32\ntdll.dll
0x00007ff855db0000 - 0x00007ff855e6d000 	C:\WINDOWS\System32\KERNEL32.DLL
0x00007ff854cb0000 - 0x00007ff854fa6000 	C:\WINDOWS\System32\KERNELBASE.dll
0x00007ff8549d0000 - 0x00007ff854ad0000 	C:\WINDOWS\System32\ucrtbase.dll
0x00007ff8500b0000 - 0x00007ff8500ca000 	C:\Users\lzayoi\.jdks\openjdk-17.0.2\bin\VCRUNTIME140.dll
0x00007ff84dba0000 - 0x00007ff84dbb8000 	C:\Users\lzayoi\.jdks\openjdk-17.0.2\bin\jli.dll
0x00007ff855e70000 - 0x00007ff85600e000 	C:\WINDOWS\System32\USER32.dll
0x00007ff841320000 - 0x00007ff8415ba000 	C:\WINDOWS\WinSxS\amd64_microsoft.windows.common-controls_6595b64144ccf1df_6.0.19041.3636_none_60b6a03d71f818d5\COMCTL32.dll
0x00007ff854bf0000 - 0x00007ff854c12000 	C:\WINDOWS\System32\win32u.dll
0x00007ff855520000 - 0x00007ff8555be000 	C:\WINDOWS\System32\msvcrt.dll
0x00007ff855d80000 - 0x00007ff855dac000 	C:\WINDOWS\System32\GDI32.dll
0x00007ff854ad0000 - 0x00007ff854bea000 	C:\WINDOWS\System32\gdi32full.dll
0x00007ff854fb0000 - 0x00007ff85504d000 	C:\WINDOWS\System32\msvcp_win.dll
0x00007ff856090000 - 0x00007ff8560c0000 	C:\WINDOWS\System32\IMM32.DLL
0x00007ff850120000 - 0x00007ff85012c000 	C:\Users\lzayoi\.jdks\openjdk-17.0.2\bin\vcruntime140_1.dll
0x00007ff83f6c0000 - 0x00007ff83f74d000 	C:\Users\lzayoi\.jdks\openjdk-17.0.2\bin\msvcp140.dll
0x00007ff802830000 - 0x00007ff8033f1000 	C:\Users\lzayoi\.jdks\openjdk-17.0.2\bin\server\jvm.dll
0x00007ff855050000 - 0x00007ff8550ff000 	C:\WINDOWS\System32\ADVAPI32.dll
0x00007ff856330000 - 0x00007ff8563cc000 	C:\WINDOWS\System32\sechost.dll
0x00007ff8555c0000 - 0x00007ff8556e6000 	C:\WINDOWS\System32\RPCRT4.dll
0x00007ff855c30000 - 0x00007ff855c38000 	C:\WINDOWS\System32\PSAPI.DLL
0x00007ff83d580000 - 0x00007ff83d589000 	C:\WINDOWS\SYSTEM32\WSOCK32.dll
0x00007ff8425a0000 - 0x00007ff8425c7000 	C:\WINDOWS\SYSTEM32\WINMM.dll
0x00007ff855100000 - 0x00007ff85516b000 	C:\WINDOWS\System32\WS2_32.dll
0x00007ff84d5a0000 - 0x00007ff84d5aa000 	C:\WINDOWS\SYSTEM32\VERSION.dll
0x00007ff852f20000 - 0x00007ff852f32000 	C:\WINDOWS\SYSTEM32\kernel.appcore.dll
0x00007ff8500a0000 - 0x00007ff8500aa000 	C:\Users\lzayoi\.jdks\openjdk-17.0.2\bin\jimage.dll
0x00007ff852470000 - 0x00007ff852654000 	C:\WINDOWS\SYSTEM32\DBGHELP.DLL
0x00007ff83e0e0000 - 0x00007ff83e114000 	C:\WINDOWS\SYSTEM32\dbgcore.DLL
0x00007ff854c20000 - 0x00007ff854ca2000 	C:\WINDOWS\System32\bcryptPrimitives.dll
0x00007ff84db90000 - 0x00007ff84db9e000 	C:\Users\lzayoi\.jdks\openjdk-17.0.2\bin\instrument.dll
0x00007ff848f10000 - 0x00007ff848f35000 	C:\Users\lzayoi\.jdks\openjdk-17.0.2\bin\java.dll
0x00007ff83c3e0000 - 0x00007ff83c4b6000 	C:\Users\lzayoi\.jdks\openjdk-17.0.2\bin\jsvml.dll
0x00007ff856730000 - 0x00007ff856e75000 	C:\WINDOWS\System32\SHELL32.dll
0x00007ff852770000 - 0x00007ff852f0b000 	C:\WINDOWS\SYSTEM32\windows.storage.dll
0x00007ff8563d0000 - 0x00007ff856724000 	C:\WINDOWS\System32\combase.dll
0x00007ff854110000 - 0x00007ff85413d000 	C:\WINDOWS\SYSTEM32\Wldp.dll
0x00007ff855700000 - 0x00007ff8557ad000 	C:\WINDOWS\System32\SHCORE.dll
0x00007ff8562d0000 - 0x00007ff856325000 	C:\WINDOWS\System32\shlwapi.dll
0x00007ff854600000 - 0x00007ff854625000 	C:\WINDOWS\SYSTEM32\profapi.dll

dbghelp: loaded successfully - version: 4.0.5 - missing functions: none
symbol engine: initialized successfully - sym options: 0x614 - pdb path: .;C:\Users\lzayoi\.jdks\openjdk-17.0.2\bin;C:\WINDOWS\SYSTEM32;C:\WINDOWS\WinSxS\amd64_microsoft.windows.common-controls_6595b64144ccf1df_6.0.19041.3636_none_60b6a03d71f818d5;C:\Users\lzayoi\.jdks\openjdk-17.0.2\bin\server

VM Arguments:
jvm_args: -javaagent:E:\IntelliJ IDEA 2021.1.3\lib\idea_rt.jar=7599:E:\IntelliJ IDEA 2021.1.3\bin -Dfile.encoding=UTF-8 
java_command: com.yang.yangapiclientsdk.client.NameClient
java_class_path (initial): D:\yupi\api\yangapi-client-sdk\target\classes;D:\BaiduNetdiskDownload\Maven\apache-maven-3.6.1\mvn_resp\org\springframework\boot\spring-boot-starter\2.7.0\spring-boot-starter-2.7.0.jar;D:\BaiduNetdiskDownload\Maven\apache-maven-3.6.1\mvn_resp\org\springframework\boot\spring-boot\2.7.0\spring-boot-2.7.0.jar;D:\BaiduNetdiskDownload\Maven\apache-maven-3.6.1\mvn_resp\org\springframework\spring-context\5.3.20\spring-context-5.3.20.jar;D:\BaiduNetdiskDownload\Maven\apache-maven-3.6.1\mvn_resp\org\springframework\spring-aop\5.3.20\spring-aop-5.3.20.jar;D:\BaiduNetdiskDownload\Maven\apache-maven-3.6.1\mvn_resp\org\springframework\spring-beans\5.3.20\spring-beans-5.3.20.jar;D:\BaiduNetdiskDownload\Maven\apache-maven-3.6.1\mvn_resp\org\springframework\spring-expression\5.3.20\spring-expression-5.3.20.jar;D:\BaiduNetdiskDownload\Maven\apache-maven-3.6.1\mvn_resp\org\springframework\boot\spring-boot-autoconfigure\2.7.0\spring-boot-autoconfigure-2.7.0.jar;D:\BaiduNetdiskDownload\Maven\apache-maven-3.6.1\mvn_resp\org\springframework\boot\spring-boot-starter-logging\2.7.0\spring-boot-starter-logging-2.7.0.jar;D:\BaiduNetdiskDownload\Maven\apache-maven-3.6.1\mvn_resp\ch\qos\logback\logback-classic\1.2.11\logback-classic-1.2.11.jar;D:\BaiduNetdiskDownload\Maven\apache-maven-3.6.1\mvn_resp\ch\qos\logback\logback-core\1.2.11\logback-core-1.2.11.jar;D:\BaiduNetdiskDownload\Maven\apache-maven-3.6.1\mvn_resp\org\apache\logging\log4j\log4j-to-slf4j\2.17.2\log4j-to-slf4j-2.17.2.jar;D:\BaiduNetdiskDownload\Maven\apache-maven-3.6.1\mvn_resp\org\apache\logging\log4j\log4j-api\2.17.2\log4j-api-2.17.2.jar;D:\BaiduNetdiskDownload\Maven\apache-maven-3.6.1\mvn_resp\org\slf4j\jul-to-slf4j\1.7.36\jul-to-slf4j-1.7.36.jar;D:\BaiduNetdiskDownload\Maven\apache-maven-3.6.1\mvn_resp\jakarta\annotation\jakarta.annotation-api\1.3.5\jakarta.annotation-api-1.3.5.jar;D:\BaiduNetdiskDownload\Maven\apache-maven-3.6.1\mvn_resp\org\springframework\spring-core\5.3.20\spring-core-5.3.20.
Launcher Type: SUN_STANDARD

[Global flags]
     intx CICompilerCount                          = 4                                         {product} {ergonomic}
     uint ConcGCThreads                            = 2                                         {product} {ergonomic}
     uint G1ConcRefinementThreads                  = 8                                         {product} {ergonomic}
   size_t G1HeapRegionSize                         = 2097152                                   {product} {ergonomic}
    uintx GCDrainStackTargetSize                   = 64                                        {product} {ergonomic}
   size_t InitialHeapSize                          = 268435456                                 {product} {ergonomic}
   size_t MarkStackSize                            = 4194304                                   {product} {ergonomic}
   size_t MaxHeapSize                              = 4263510016                                {product} {ergonomic}
   size_t MaxNewSize                               = 2556428288                                {product} {ergonomic}
   size_t MinHeapDeltaBytes                        = 2097152                                   {product} {ergonomic}
   size_t MinHeapSize                              = 8388608                                   {product} {ergonomic}
    uintx NonNMethodCodeHeapSize                   = 5839372                                {pd product} {ergonomic}
    uintx NonProfiledCodeHeapSize                  = 122909434                              {pd product} {ergonomic}
    uintx ProfiledCodeHeapSize                     = 122909434                              {pd product} {ergonomic}
    uintx ReservedCodeCacheSize                    = 251658240                              {pd product} {ergonomic}
     bool SegmentedCodeCache                       = true                                      {product} {ergonomic}
   size_t SoftMaxHeapSize                          = 4263510016                             {manageable} {ergonomic}
     bool UseCompressedClassPointers               = true                           {product lp64_product} {ergonomic}
     bool UseCompressedOops                        = true                           {product lp64_product} {ergonomic}
     bool UseG1GC                                  = true                                      {product} {ergonomic}
     bool UseLargePagesIndividualAllocation        = false                                  {pd product} {ergonomic}

Logging:
Log output configuration:
 #0: stdout all=warning uptime,level,tags
 #1: stderr all=off uptime,level,tags

Environment Variables:
JAVA_HOME=C:\Users\lzayoi\.jdks\corretto-1.8.0_332
PATH=C:\Users\lzayoi\AppData\Local\Yarn\bin;D:\node;C:\Windows\system32;C:\Windows;C:\Windows\System32\Wbem;C:\Windows\System32\WindowsPowerShell\v1.0\;C:\Program Files (x86)\NVIDIA Corporation\PhysX\Common;E:\erland9.2\erl9.2\bin;E:\python\Scripts\;E:\python\;C:\Program Files\MySQL\MySQL Shell 8.0\bin\;C:\Users\lzayoi\AppData\Local\Microsoft\WindowsApps;C:\IntelliJ IDEA Community Edition 2021.3.3\bin;;D:\Idea2023.1.5\IntelliJ IDEA 2023.1.5\bin;;E:\PyCharm Community Edition 2022.2.1\bin;;E:\WebStorm 2023.2.1\bin;;C:\Users\lzayoi\AppData\Roaming\npm
USERNAME=lzayoi
OS=Windows_NT
PROCESSOR_IDENTIFIER=Intel64 Family 6 Model 158 Stepping 10, GenuineIntel



---------------  S Y S T E M  ---------------

OS:
 Windows 10 , 64 bit Build 19041 (10.0.19041.3636)
OS uptime: 0 days 3:49 hours

CPU: total 8 (initial active 8) (4 cores per cpu, 2 threads per core) family 6 model 158 stepping 10 microcode 0xb4, cx8, cmov, fxsr, ht, mmx, 3dnowpref, sse, sse2, sse3, ssse3, sse4.1, sse4.2, popcnt, lzcnt, tsc, tscinvbit, avx, avx2, aes, erms, clmul, bmi1, bmi2, adx, fma, vzeroupper, clflush, clflushopt

Memory: 4k page, system-wide physical 16258M (2637M free)
TotalPageFile size 26013M (AvailPageFile size 356M)
current process WorkingSet (physical memory assigned to process): 24M, peak: 24M
current process commit charge ("private bytes"): 333M, peak: 338M

vm_info: OpenJDK 64-Bit Server VM (17.0.2+8-86) for windows-amd64 JRE (17.0.2+8-86), built on Dec  7 2021 21:49:10 by "mach5one" with MS VC++ 16.8 / 16.9 (VS2019)

END.
