#
# There is insufficient memory for the Java Runtime Environment to continue.
# Native memory allocation (mmap) failed to map 268435456 bytes for G1 virtual space
# Possible reasons:
#   The system is out of physical RAM or swap space
#   The process is running with CompressedOops enabled, and the Java Heap may be blocking the growth of the native heap
# Possible solutions:
#   Reduce memory load on the system
#   Increase physical memory or swap space
#   Check if swap backing store is full
#   Decrease Java heap size (-Xmx/-Xms)
#   Decrease number of Java threads
#   Decrease Java thread stack sizes (-Xss)
#   Set larger code cache with -XX:ReservedCodeCacheSize=
#   JVM is running with Zero Based Compressed Oops mode in which the Java heap is
#     placed in the first 32GB address space. The Java Heap base address is the
#     maximum limit for the native heap growth. Please use -XX:HeapBaseMinAddress
#     to set the Java Heap base and to place the Java Heap above 32GB virtual address.
# This output file may be truncated or incomplete.
#
#  Out of Memory Error (os_windows.cpp:3532), pid=15212, tid=2648
#
# JRE version:  (17.0.2+8) (build )
# Java VM: OpenJDK 64-Bit Server VM (17.0.2+8-86, mixed mode, sharing, tiered, compressed oops, compressed class ptrs, g1 gc, windows-amd64)
# No core dump will be written. Minidumps are not enabled by default on client versions of Windows
#

---------------  S U M M A R Y ------------

Command Line: C:\Users\lzayoi\AppData\Local\Temp\surefire540538599499054261\surefirebooter9321505382825819452.jar C:\Users\lzayoi\AppData\Local\Temp\surefire540538599499054261 2024-01-06T15-11-19_395-jvmRun1 surefire8952740520458641697tmp surefire_013828973578466758384tmp

Host: Intel(R) Core(TM) i5-8300H CPU @ 2.30GHz, 8 cores, 15G,  Windows 10 , 64 bit Build 19041 (10.0.19041.3636)
Time: Sat Jan  6 15:11:19 2024  Windows 10 , 64 bit Build 19041 (10.0.19041.3636) elapsed time: 0.019601 seconds (0d 0h 0m 0s)

---------------  T H R E A D  ---------------

Current thread (0x0000023331bc2130):  JavaThread "Unknown thread" [_thread_in_vm, id=2648, stack(0x000000488e700000,0x000000488e800000)]

Stack: [0x000000488e700000,0x000000488e800000]
Native frames: (J=compiled Java code, j=interpreted, Vv=VM code, C=native code)
V  [jvm.dll+0x670baa]
V  [jvm.dll+0x7cfcb4]
V  [jvm.dll+0x7d145e]
V  [jvm.dll+0x7d1ac3]
V  [jvm.dll+0x242bc5]
V  [jvm.dll+0x66dac9]
V  [jvm.dll+0x662412]
V  [jvm.dll+0x300c0b]
V  [jvm.dll+0x3081a6]
V  [jvm.dll+0x357d0e]
V  [jvm.dll+0x357f3f]
V  [jvm.dll+0x2d7ec8]
V  [jvm.dll+0x2d8e34]
V  [jvm.dll+0x7a18c1]
V  [jvm.dll+0x365a91]
V  [jvm.dll+0x780d2c]
V  [jvm.dll+0x3e845f]
V  [jvm.dll+0x3e9f01]
C  [jli.dll+0x527b]
C  [ucrtbase.dll+0x21bb2]
C  [KERNEL32.DLL+0x17344]
C  [ntdll.dll+0x526b1]


---------------  P R O C E S S  ---------------

Threads class SMR info:
_java_thread_list=0x00007ff8032c9858, length=0, elements={
}

Java Threads: ( => current thread )

Other Threads:
  0x0000023331c11cf0 GCTaskThread "GC Thread#0" [stack: 0x000000488e800000,0x000000488e900000] [id=19492]
  0x0000023331c22a40 ConcurrentGCThread "G1 Main Marker" [stack: 0x000000488e900000,0x000000488ea00000] [id=18716]
  0x0000023331c23bf0 ConcurrentGCThread "G1 Conc#0" [stack: 0x000000488ea00000,0x000000488eb00000] [id=18468]

[error occurred during error reporting (printing all threads), id 0xc0000005, EXCEPTION_ACCESS_VIOLATION (0xc0000005) at pc=0x00007ff802b188a7]

VM state: not at safepoint (not fully initialized)

VM Mutex/Monitor currently owned by a thread:  ([mutex/lock_event])
[0x0000023331bbda70] Heap_lock - owner thread: 0x0000023331bc2130

Heap address: 0x0000000701e00000, size: 4066 MB, Compressed Oops mode: Zero based, Oop shift amount: 3

CDS archive(s) mapped at: [0x0000000000000000-0x0000000000000000-0x0000000000000000), size 0, SharedBaseAddress: 0x0000000800000000, ArchiveRelocationMode: 0.
Narrow klass base: 0x0000000000000000, Narrow klass shift: 0, Narrow klass range: 0x0

GC Precious Log:
<Empty>

Heap:
 garbage-first heap   total 0K, used 0K [0x0000000701e00000, 0x0000000800000000)
  region size 2048K, 0 young (0K), 0 survivors (0K)

[error occurred during error reporting (printing heap information), id 0xc0000005, EXCEPTION_ACCESS_VIOLATION (0xc0000005) at pc=0x00007ff802ef9f19]

GC Heap History (0 events):
No events

Deoptimization events (0 events):
No events

Classes unloaded (0 events):
No events

Classes redefined (0 events):
No events

Internal exceptions (0 events):
No events

VM Operations (0 events):
No events

Events (1 events):
Event: 0.006 Loaded shared library C:\Users\lzayoi\.jdks\openjdk-17.0.2\bin\java.dll


Dynamic libraries:
0x00007ff7d39e0000 - 0x00007ff7d39ee000 	C:\Users\lzayoi\.jdks\openjdk-17.0.2\bin\java.exe
0x00007ff856ff0000 - 0x00007ff8571e8000 	C:\WINDOWS\SYSTEM32\ntdll.dll
0x00007ff855db0000 - 0x00007ff855e6d000 	C:\WINDOWS\System32\KERNEL32.DLL
0x00007ff854cb0000 - 0x00007ff854fa6000 	C:\WINDOWS\System32\KERNELBASE.dll
0x00007ff8549d0000 - 0x00007ff854ad0000 	C:\WINDOWS\System32\ucrtbase.dll
0x00007ff850110000 - 0x00007ff85012a000 	C:\Users\lzayoi\.jdks\openjdk-17.0.2\bin\VCRUNTIME140.dll
0x00007ff8513f0000 - 0x00007ff851408000 	C:\Users\lzayoi\.jdks\openjdk-17.0.2\bin\jli.dll
0x00007ff855e70000 - 0x00007ff85600e000 	C:\WINDOWS\System32\USER32.dll
0x00007ff854bf0000 - 0x00007ff854c12000 	C:\WINDOWS\System32\win32u.dll
0x00007ff841320000 - 0x00007ff8415ba000 	C:\WINDOWS\WinSxS\amd64_microsoft.windows.common-controls_6595b64144ccf1df_6.0.19041.3636_none_60b6a03d71f818d5\COMCTL32.dll
0x00007ff855520000 - 0x00007ff8555be000 	C:\WINDOWS\System32\msvcrt.dll
0x00007ff855d80000 - 0x00007ff855dac000 	C:\WINDOWS\System32\GDI32.dll
0x00007ff854ad0000 - 0x00007ff854bea000 	C:\WINDOWS\System32\gdi32full.dll
0x00007ff854fb0000 - 0x00007ff85504d000 	C:\WINDOWS\System32\msvcp_win.dll
0x00007ff856090000 - 0x00007ff8560c0000 	C:\WINDOWS\System32\IMM32.DLL
0x00007ff850170000 - 0x00007ff85017c000 	C:\Users\lzayoi\.jdks\openjdk-17.0.2\bin\vcruntime140_1.dll
0x00007ff83c680000 - 0x00007ff83c70d000 	C:\Users\lzayoi\.jdks\openjdk-17.0.2\bin\msvcp140.dll
0x00007ff802830000 - 0x00007ff8033f1000 	C:\Users\lzayoi\.jdks\openjdk-17.0.2\bin\server\jvm.dll
0x00007ff855050000 - 0x00007ff8550ff000 	C:\WINDOWS\System32\ADVAPI32.dll
0x00007ff856330000 - 0x00007ff8563cc000 	C:\WINDOWS\System32\sechost.dll
0x00007ff8555c0000 - 0x00007ff8556e6000 	C:\WINDOWS\System32\RPCRT4.dll
0x00007ff855c30000 - 0x00007ff855c38000 	C:\WINDOWS\System32\PSAPI.DLL
0x00007ff83d580000 - 0x00007ff83d589000 	C:\WINDOWS\SYSTEM32\WSOCK32.dll
0x00007ff84d5a0000 - 0x00007ff84d5aa000 	C:\WINDOWS\SYSTEM32\VERSION.dll
0x00007ff855100000 - 0x00007ff85516b000 	C:\WINDOWS\System32\WS2_32.dll
0x00007ff8425a0000 - 0x00007ff8425c7000 	C:\WINDOWS\SYSTEM32\WINMM.dll
0x00007ff852f20000 - 0x00007ff852f32000 	C:\WINDOWS\SYSTEM32\kernel.appcore.dll
0x00007ff850100000 - 0x00007ff85010a000 	C:\Users\lzayoi\.jdks\openjdk-17.0.2\bin\jimage.dll
0x00007ff852470000 - 0x00007ff852654000 	C:\WINDOWS\SYSTEM32\DBGHELP.DLL
0x00007ff83e0e0000 - 0x00007ff83e114000 	C:\WINDOWS\SYSTEM32\dbgcore.DLL
0x00007ff854c20000 - 0x00007ff854ca2000 	C:\WINDOWS\System32\bcryptPrimitives.dll
0x00007ff8500d0000 - 0x00007ff8500f5000 	C:\Users\lzayoi\.jdks\openjdk-17.0.2\bin\java.dll

dbghelp: loaded successfully - version: 4.0.5 - missing functions: none
symbol engine: initialized successfully - sym options: 0x614 - pdb path: .;C:\Users\lzayoi\.jdks\openjdk-17.0.2\bin;C:\WINDOWS\SYSTEM32;C:\WINDOWS\WinSxS\amd64_microsoft.windows.common-controls_6595b64144ccf1df_6.0.19041.3636_none_60b6a03d71f818d5;C:\Users\lzayoi\.jdks\openjdk-17.0.2\bin\server

VM Arguments:
java_command: C:\Users\lzayoi\AppData\Local\Temp\surefire540538599499054261\surefirebooter9321505382825819452.jar C:\Users\lzayoi\AppData\Local\Temp\surefire540538599499054261 2024-01-06T15-11-19_395-jvmRun1 surefire8952740520458641697tmp surefire_013828973578466758384tmp
java_class_path (initial): C:\Users\lzayoi\AppData\Local\Temp\surefire540538599499054261\surefirebooter9321505382825819452.jar
Launcher Type: SUN_STANDARD

[Global flags]
     intx CICompilerCount                          = 4                                         {product} {ergonomic}
     uint ConcGCThreads                            = 2                                         {product} {ergonomic}
     uint G1ConcRefinementThreads                  = 8                                         {product} {ergonomic}
   size_t G1HeapRegionSize                         = 2097152                                   {product} {ergonomic}
    uintx GCDrainStackTargetSize                   = 64                                        {product} {ergonomic}
   size_t InitialHeapSize                          = 268435456                                 {product} {ergonomic}
   size_t MarkStackSize                            = 4194304                                   {product} {ergonomic}
   size_t MaxHeapSize                              = 4263510016                                {product} {ergonomic}
   size_t MinHeapDeltaBytes                        = 2097152                                   {product} {ergonomic}
   size_t MinHeapSize                              = 8388608                                   {product} {ergonomic}
    uintx NonNMethodCodeHeapSize                   = 5839372                                {pd product} {ergonomic}
    uintx NonProfiledCodeHeapSize                  = 122909434                              {pd product} {ergonomic}
    uintx ProfiledCodeHeapSize                     = 122909434                              {pd product} {ergonomic}
    uintx ReservedCodeCacheSize                    = 251658240                              {pd product} {ergonomic}
     bool SegmentedCodeCache                       = true                                      {product} {ergonomic}
   size_t SoftMaxHeapSize                          = 4263510016                             {manageable} {ergonomic}
     bool UseCompressedClassPointers               = true                           {product lp64_product} {ergonomic}
     bool UseCompressedOops                        = true                           {product lp64_product} {ergonomic}
     bool UseG1GC                                  = true                                      {product} {ergonomic}
     bool UseLargePagesIndividualAllocation        = false                                  {pd product} {ergonomic}

Logging:
Log output configuration:
 #0: stdout all=warning uptime,level,tags
 #1: stderr all=off uptime,level,tags

Environment Variables:
JAVA_HOME=C:\Users\lzayoi\.jdks\corretto-1.8.0_332
PATH=C:\Users\lzayoi\AppData\Local\Yarn\bin;D:\node;C:\Windows\system32;C:\Windows;C:\Windows\System32\Wbem;C:\Windows\System32\WindowsPowerShell\v1.0\;C:\Program Files (x86)\NVIDIA Corporation\PhysX\Common;E:\erland9.2\erl9.2\bin;E:\python\Scripts\;E:\python\;C:\Program Files\MySQL\MySQL Shell 8.0\bin\;C:\Users\lzayoi\AppData\Local\Microsoft\WindowsApps;C:\IntelliJ IDEA Community Edition 2021.3.3\bin;;D:\Idea2023.1.5\IntelliJ IDEA 2023.1.5\bin;;E:\PyCharm Community Edition 2022.2.1\bin;;E:\WebStorm 2023.2.1\bin;;C:\Users\lzayoi\AppData\Roaming\npm
USERNAME=lzayoi
OS=Windows_NT
PROCESSOR_IDENTIFIER=Intel64 Family 6 Model 158 Stepping 10, GenuineIntel



---------------  S Y S T E M  ---------------

OS:
 Windows 10 , 64 bit Build 19041 (10.0.19041.3636)
OS uptime: 0 days 2:51 hours

CPU: total 8 (initial active 8) (4 cores per cpu, 2 threads per core) family 6 model 158 stepping 10 microcode 0xb4, cx8, cmov, fxsr, ht, mmx, 3dnowpref, sse, sse2, sse3, ssse3, sse4.1, sse4.2, popcnt, lzcnt, tsc, tscinvbit, avx, avx2, aes, erms, clmul, bmi1, bmi2, adx, fma, vzeroupper, clflush, clflushopt

Memory: 4k page, system-wide physical 16258M (1189M free)
TotalPageFile size 25986M (AvailPageFile size 177M)
current process WorkingSet (physical memory assigned to process): 10M, peak: 10M
current process commit charge ("private bytes"): 60M, peak: 316M

vm_info: OpenJDK 64-Bit Server VM (17.0.2+8-86) for windows-amd64 JRE (17.0.2+8-86), built on Dec  7 2021 21:49:10 by "mach5one" with MS VC++ 16.8 / 16.9 (VS2019)

END.
