#
# There is insufficient memory for the Java Runtime Environment to continue.
# Native memory allocation (mmap) failed to map 65536 bytes for Failed to commit metaspace.
# Possible reasons:
#   The system is out of physical RAM or swap space
#   The process is running with CompressedOops enabled, and the Java Heap may be blocking the growth of the native heap
# Possible solutions:
#   Reduce memory load on the system
#   Increase physical memory or swap space
#   Check if swap backing store is full
#   Decrease Java heap size (-Xmx/-Xms)
#   Decrease number of Java threads
#   Decrease Java thread stack sizes (-Xss)
#   Set larger code cache with -XX:ReservedCodeCacheSize=
#   JVM is running with Zero Based Compressed Oops mode in which the Java heap is
#     placed in the first 32GB address space. The Java Heap base address is the
#     maximum limit for the native heap growth. Please use -XX:HeapBaseMinAddress
#     to set the Java Heap base and to place the Java Heap above 32GB virtual address.
# This output file may be truncated or incomplete.
#
#  Out of Memory Error (virtualSpaceNode.cpp:110), pid=14092, tid=132
#
# JRE version: OpenJDK Runtime Environment (17.0.2+8) (build 17.0.2+8-86)
# Java VM: OpenJDK 64-Bit Server VM (17.0.2+8-86, mixed mode, emulated-client, sharing, tiered, compressed oops, compressed class ptrs, g1 gc, windows-amd64)
# No core dump will be written. Minidumps are not enabled by default on client versions of Windows
#

---------------  S U M M A R Y ------------

Command Line: -agentlib:jdwp=transport=dt_socket,address=127.0.0.1:6209,suspend=y,server=n -XX:TieredStopAtLevel=1 -Xverify:none -Dspring.output.ansi.enabled=always -javaagent:C:\Users\lzayoi\AppData\Local\JetBrains\IntelliJIdea2021.1\captureAgent\debugger-agent.jar=file:/C:/Users/lzayoi/AppData/Local/Temp/capture.props -Dcom.sun.management.jmxremote -Dspring.jmx.enabled=true -Dspring.liveBeansView.mbeanDomain -Dspring.application.admin.enabled=true -Dfile.encoding=UTF-8 com.yupi.project.MyApplication

Host: Intel(R) Core(TM) i5-8300H CPU @ 2.30GHz, 8 cores, 15G,  Windows 10 , 64 bit Build 19041 (10.0.19041.3636)
Time: Sat Jan  6 15:16:58 2024  Windows 10 , 64 bit Build 19041 (10.0.19041.3636) elapsed time: 1.345543 seconds (0d 0h 0m 1s)

---------------  T H R E A D  ---------------

Current thread (0x0000027e8da61850):  JavaThread "RMI TCP Connection(1)-192.168.29.1" daemon [_thread_in_vm, id=132, stack(0x000000a8b7100000,0x000000a8b7200000)]

Stack: [0x000000a8b7100000,0x000000a8b7200000]
Native frames: (J=compiled Java code, j=interpreted, Vv=VM code, C=native code)
V  [jvm.dll+0x670baa]
V  [jvm.dll+0x7cfcb4]
V  [jvm.dll+0x7d145e]
V  [jvm.dll+0x7d1ac3]
V  [jvm.dll+0x242bc5]
V  [jvm.dll+0x7cbc5b]
V  [jvm.dll+0x616966]
V  [jvm.dll+0x6169ca]
V  [jvm.dll+0x6191da]
V  [jvm.dll+0x617306]
V  [jvm.dll+0x367ba2]
V  [jvm.dll+0x1dfadb]
V  [jvm.dll+0x537c59]
V  [jvm.dll+0x1eea37]
V  [jvm.dll+0x74a15b]
V  [jvm.dll+0x74b502]
V  [jvm.dll+0x74b838]
V  [jvm.dll+0x23af1e]
V  [jvm.dll+0x37b2fe]
C  0x0000027efc14598d

Java frames: (J=compiled Java code, j=interpreted, Vv=VM code)
j  javax.management.remote.rmi.RMIConnectionImpl.<init>(Ljavax/management/remote/rmi/RMIServerImpl;Ljava/lang/String;Ljava/lang/ClassLoader;Ljavax/security/auth/Subject;Ljava/util/Map;)V+149 java.management.rmi@17.0.2
j  javax.management.remote.rmi.RMIJRMPServerImpl.makeClient(Ljava/lang/String;Ljavax/security/auth/Subject;)Ljavax/management/remote/rmi/RMIConnection;+29 java.management.rmi@17.0.2
j  javax.management.remote.rmi.RMIServerImpl.doNewClient(Ljava/lang/Object;)Ljavax/management/remote/rmi/RMIConnection;+228 java.management.rmi@17.0.2
j  javax.management.remote.rmi.RMIServerImpl.newClient(Ljava/lang/Object;)Ljavax/management/remote/rmi/RMIConnection;+2 java.management.rmi@17.0.2
v  ~StubRoutines::call_stub
j  jdk.internal.reflect.NativeMethodAccessorImpl.invoke0(Ljava/lang/reflect/Method;Ljava/lang/Object;[Ljava/lang/Object;)Ljava/lang/Object;+0 java.base@17.0.2
j  jdk.internal.reflect.NativeMethodAccessorImpl.invoke(Ljava/lang/Object;[Ljava/lang/Object;)Ljava/lang/Object;+133 java.base@17.0.2
j  jdk.internal.reflect.DelegatingMethodAccessorImpl.invoke(Ljava/lang/Object;[Ljava/lang/Object;)Ljava/lang/Object;+6 java.base@17.0.2
j  java.lang.reflect.Method.invoke(Ljava/lang/Object;[Ljava/lang/Object;)Ljava/lang/Object;+59 java.base@17.0.2
j  sun.rmi.server.UnicastServerRef.dispatch(Ljava/rmi/Remote;Ljava/rmi/server/RemoteCall;)V+264 java.rmi@17.0.2
j  sun.rmi.transport.Transport$1.run()Ljava/lang/Void;+23 java.rmi@17.0.2
j  sun.rmi.transport.Transport$1.run()Ljava/lang/Object;+1 java.rmi@17.0.2
J 410 c1 java.security.AccessController.doPrivileged(Ljava/security/PrivilegedExceptionAction;Ljava/security/AccessControlContext;)Ljava/lang/Object; java.base@17.0.2 (26 bytes) @ 0x0000027efc473a5c [0x0000027efc4739e0+0x000000000000007c]
j  sun.rmi.transport.Transport.serviceCall(Ljava/rmi/server/RemoteCall;)Z+157 java.rmi@17.0.2
j  sun.rmi.transport.tcp.TCPTransport.handleMessages(Lsun/rmi/transport/Connection;Z)V+145 java.rmi@17.0.2
j  sun.rmi.transport.tcp.TCPTransport$ConnectionHandler.run0()V+522 java.rmi@17.0.2
j  sun.rmi.transport.tcp.TCPTransport$ConnectionHandler.lambda$run$0()Ljava/lang/Void;+1 java.rmi@17.0.2
j  sun.rmi.transport.tcp.TCPTransport$ConnectionHandler$$Lambda$146+0x0000000800c9ef08.run()Ljava/lang/Object;+4 java.rmi@17.0.2
J 921 c1 java.security.AccessController.executePrivileged(Ljava/security/PrivilegedAction;Ljava/security/AccessControlContext;Ljava/lang/Class;)Ljava/lang/Object; java.base@17.0.2 (65 bytes) @ 0x0000027efc538a94 [0x0000027efc538a40+0x0000000000000054]
j  java.security.AccessController.doPrivileged(Ljava/security/PrivilegedAction;Ljava/security/AccessControlContext;)Ljava/lang/Object;+13 java.base@17.0.2
j  sun.rmi.transport.tcp.TCPTransport$ConnectionHandler.run()V+37 java.rmi@17.0.2
j  java.util.concurrent.ThreadPoolExecutor.runWorker(Ljava/util/concurrent/ThreadPoolExecutor$Worker;)V+92 java.base@17.0.2
j  java.util.concurrent.ThreadPoolExecutor$Worker.run()V+5 java.base@17.0.2
j  java.lang.Thread.run()V+11 java.base@17.0.2
v  ~StubRoutines::call_stub

---------------  P R O C E S S  ---------------

Threads class SMR info:
_java_thread_list=0x0000027e8daf8110, length=22, elements={
0x0000027ef312fb70, 0x0000027e8bd42dd0, 0x0000027e8bd43c40, 0x0000027e8bd60500,
0x0000027e8bd61280, 0x0000027e8bd64c50, 0x0000027e8bd65600, 0x0000027e8bd69560,
0x0000027e8bd69f50, 0x0000027e8c9b7590, 0x0000027e8bd29a50, 0x0000027e8bd2a010,
0x0000027e8c9bba80, 0x0000027e8c9fd940, 0x0000027e8ca210d0, 0x0000027e8ca215c0,
0x0000027e8cbfcd80, 0x0000027e8d24f2b0, 0x0000027e8d9b3ff0, 0x0000027e8da55080,
0x0000027e8da61850, 0x0000027e8daf3240
}

Java Threads: ( => current thread )
  0x0000027ef312fb70 JavaThread "main" [_thread_blocked, id=16440, stack(0x000000a8b4e00000,0x000000a8b4f00000)]
  0x0000027e8bd42dd0 JavaThread "Reference Handler" daemon [_thread_blocked, id=18716, stack(0x000000a8b5500000,0x000000a8b5600000)]
  0x0000027e8bd43c40 JavaThread "Finalizer" daemon [_thread_blocked, id=3204, stack(0x000000a8b5600000,0x000000a8b5700000)]
  0x0000027e8bd60500 JavaThread "Signal Dispatcher" daemon [_thread_blocked, id=18732, stack(0x000000a8b5700000,0x000000a8b5800000)]
  0x0000027e8bd61280 JavaThread "Attach Listener" daemon [_thread_blocked, id=16564, stack(0x000000a8b5800000,0x000000a8b5900000)]
  0x0000027e8bd64c50 JavaThread "Service Thread" daemon [_thread_blocked, id=4332, stack(0x000000a8b5900000,0x000000a8b5a00000)]
  0x0000027e8bd65600 JavaThread "Monitor Deflation Thread" daemon [_thread_blocked, id=16104, stack(0x000000a8b5a00000,0x000000a8b5b00000)]
  0x0000027e8bd69560 JavaThread "C1 CompilerThread0" daemon [_thread_blocked, id=1716, stack(0x000000a8b5b00000,0x000000a8b5c00000)]
  0x0000027e8bd69f50 JavaThread "Sweeper thread" daemon [_thread_blocked, id=16144, stack(0x000000a8b5c00000,0x000000a8b5d00000)]
  0x0000027e8c9b7590 JavaThread "Common-Cleaner" daemon [_thread_blocked, id=5496, stack(0x000000a8b5d00000,0x000000a8b5e00000)]
  0x0000027e8bd29a50 JavaThread "C1 CompilerThread1" daemon [_thread_blocked, id=3468, stack(0x000000a8b5e00000,0x000000a8b5f00000)]
  0x0000027e8bd2a010 JavaThread "C1 CompilerThread2" daemon [_thread_blocked, id=14560, stack(0x000000a8b5f00000,0x000000a8b6000000)]
  0x0000027e8c9bba80 JavaThread "C1 CompilerThread3" daemon [_thread_blocked, id=10428, stack(0x000000a8b6000000,0x000000a8b6100000)]
  0x0000027e8c9fd940 JavaThread "JDWP Transport Listener: dt_socket" daemon [_thread_blocked, id=14756, stack(0x000000a8b6100000,0x000000a8b6200000)]
  0x0000027e8ca210d0 JavaThread "JDWP Event Helper Thread" daemon [_thread_blocked, id=16572, stack(0x000000a8b6200000,0x000000a8b6300000)]
  0x0000027e8ca215c0 JavaThread "JDWP Command Reader" daemon [_thread_in_native, id=8808, stack(0x000000a8b6300000,0x000000a8b6400000)]
  0x0000027e8cbfcd80 JavaThread "Notification Thread" daemon [_thread_blocked, id=18124, stack(0x000000a8b6400000,0x000000a8b6500000)]
  0x0000027e8d24f2b0 JavaThread "RMI TCP Accept-0" daemon [_thread_in_native, id=11304, stack(0x000000a8b6500000,0x000000a8b6600000)]
  0x0000027e8d9b3ff0 JavaThread "Thread-0" [_thread_blocked, id=10888, stack(0x000000a8b6f00000,0x000000a8b7000000)]
  0x0000027e8da55080 JavaThread "restartedMain" [_thread_in_vm, id=20248, stack(0x000000a8b7000000,0x000000a8b7100000)]
=>0x0000027e8da61850 JavaThread "RMI TCP Connection(1)-192.168.29.1" daemon [_thread_in_vm, id=132, stack(0x000000a8b7100000,0x000000a8b7200000)]
  0x0000027e8daf3240 JavaThread "RMI Scheduler(0)" daemon [_thread_in_vm, id=19268, stack(0x000000a8b7200000,0x000000a8b7300000)]

Other Threads:
  0x0000027e8bd3a1c0 VMThread "VM Thread" [stack: 0x000000a8b5400000,0x000000a8b5500000] [id=16544]
  0x0000027ef3194180 WatcherThread [stack: 0x000000a8b6600000,0x000000a8b6700000] [id=1148]
  0x0000027ef317ec90 GCTaskThread "GC Thread#0" [stack: 0x000000a8b4f00000,0x000000a8b5000000] [id=18140]
  0x0000027e8d2faf80 GCTaskThread "GC Thread#1" [stack: 0x000000a8b6700000,0x000000a8b6800000] [id=15012]
  0x0000027e8d2fb230 GCTaskThread "GC Thread#2" [stack: 0x000000a8b6800000,0x000000a8b6900000] [id=13948]
  0x0000027e8d317020 GCTaskThread "GC Thread#3" [stack: 0x000000a8b6900000,0x000000a8b6a00000] [id=16468]
  0x0000027e8d318f00 GCTaskThread "GC Thread#4" [stack: 0x000000a8b6a00000,0x000000a8b6b00000] [id=20384]
  0x0000027e8d31b1c0 GCTaskThread "GC Thread#5" [stack: 0x000000a8b6b00000,0x000000a8b6c00000] [id=20160]
  0x0000027e8d35d930 GCTaskThread "GC Thread#6" [stack: 0x000000a8b6c00000,0x000000a8b6d00000] [id=20328]
  0x0000027e8d35dbe0 GCTaskThread "GC Thread#7" [stack: 0x000000a8b6d00000,0x000000a8b6e00000] [id=12292]
  0x0000027ef318ba50 ConcurrentGCThread "G1 Main Marker" [stack: 0x000000a8b5000000,0x000000a8b5100000] [id=592]
  0x0000027ef305ebd0 ConcurrentGCThread "G1 Conc#0" [stack: 0x000000a8b5100000,0x000000a8b5200000] [id=4720]
  0x0000027ef31ddaf0 ConcurrentGCThread "G1 Refine#0" [stack: 0x000000a8b5200000,0x000000a8b5300000] [id=14280]
  0x0000027e8d35e6a0 ConcurrentGCThread "G1 Refine#1" [stack: 0x000000a8b6e00000,0x000000a8b6f00000] [id=6216]
  0x0000027ef31de510 ConcurrentGCThread "G1 Service" [stack: 0x000000a8b5300000,0x000000a8b5400000] [id=20064]

Threads with active compile tasks:

VM state: not at safepoint (normal execution)

VM Mutex/Monitor currently owned by a thread:  ([mutex/lock_event])
[0x0000027ef2f98e30] Metaspace_lock - owner thread: 0x0000027e8da61850

Heap address: 0x0000000701e00000, size: 4066 MB, Compressed Oops mode: Zero based, Oop shift amount: 3

CDS archive(s) mapped at: [0x0000000800000000-0x0000000800bc0000-0x0000000800bc0000), size 12320768, SharedBaseAddress: 0x0000000800000000, ArchiveRelocationMode: 0.
Compressed class space mapped at: 0x0000000800c00000-0x0000000840c00000, reserved size: 1073741824
Narrow klass base: 0x0000000800000000, Narrow klass shift: 0, Narrow klass range: 0x100000000

GC Precious Log:
 CPUs: 8 total, 8 available
 Memory: 16258M
 Large Page Support: Disabled
 NUMA Support: Disabled
 Compressed Oops: Enabled (Zero based)
 Heap Region Size: 2M
 Heap Min Capacity: 8M
 Heap Initial Capacity: 256M
 Heap Max Capacity: 4066M
 Pre-touch: Disabled
 Parallel Workers: 8
 Concurrent Workers: 2
 Concurrent Refinement Workers: 8
 Periodic GC: Disabled

Heap:
 garbage-first heap   total 262144K, used 13773K [0x0000000701e00000, 0x0000000800000000)
  region size 2048K, 4 young (8192K), 1 survivors (2048K)
 Metaspace       used 8019K, committed 8192K, reserved 1056768K
  class space    used 974K, committed 1024K, reserved 1048576K

Heap Regions: E=young(eden), S=young(survivor), O=old, HS=humongous(starts), HC=humongous(continues), CS=collection set, F=free, OA=open archive, CA=closed archive, TAMS=top-at-mark-start (previous, next)
|   0|0x0000000701e00000, 0x0000000702000000, 0x0000000702000000|100%| O|  |TAMS 0x0000000701e00000, 0x0000000701e00000| Untracked 
|   1|0x0000000702000000, 0x0000000702200000, 0x0000000702200000|100%| O|  |TAMS 0x0000000702000000, 0x0000000702000000| Untracked 
|   2|0x0000000702200000, 0x0000000702400000, 0x0000000702400000|100%| O|  |TAMS 0x0000000702200000, 0x0000000702200000| Untracked 
|   3|0x0000000702400000, 0x00000007025d7200, 0x0000000702600000| 92%| O|  |TAMS 0x0000000702400000, 0x0000000702400000| Untracked 
|   4|0x0000000702600000, 0x0000000702600000, 0x0000000702800000|  0%| F|  |TAMS 0x0000000702600000, 0x0000000702600000| Untracked 
|   5|0x0000000702800000, 0x0000000702800000, 0x0000000702a00000|  0%| F|  |TAMS 0x0000000702800000, 0x0000000702800000| Untracked 
|   6|0x0000000702a00000, 0x0000000702a00000, 0x0000000702c00000|  0%| F|  |TAMS 0x0000000702a00000, 0x0000000702a00000| Untracked 
|   7|0x0000000702c00000, 0x0000000702c00000, 0x0000000702e00000|  0%| F|  |TAMS 0x0000000702c00000, 0x0000000702c00000| Untracked 
|   8|0x0000000702e00000, 0x0000000702e00000, 0x0000000703000000|  0%| F|  |TAMS 0x0000000702e00000, 0x0000000702e00000| Untracked 
|   9|0x0000000703000000, 0x0000000703000000, 0x0000000703200000|  0%| F|  |TAMS 0x0000000703000000, 0x0000000703000000| Untracked 
|  10|0x0000000703200000, 0x0000000703200000, 0x0000000703400000|  0%| F|  |TAMS 0x0000000703200000, 0x0000000703200000| Untracked 
|  11|0x0000000703400000, 0x0000000703400000, 0x0000000703600000|  0%| F|  |TAMS 0x0000000703400000, 0x0000000703400000| Untracked 
|  12|0x0000000703600000, 0x0000000703600000, 0x0000000703800000|  0%| F|  |TAMS 0x0000000703600000, 0x0000000703600000| Untracked 
|  13|0x0000000703800000, 0x0000000703800000, 0x0000000703a00000|  0%| F|  |TAMS 0x0000000703800000, 0x0000000703800000| Untracked 
|  14|0x0000000703a00000, 0x0000000703a00000, 0x0000000703c00000|  0%| F|  |TAMS 0x0000000703a00000, 0x0000000703a00000| Untracked 
|  15|0x0000000703c00000, 0x0000000703c00000, 0x0000000703e00000|  0%| F|  |TAMS 0x0000000703c00000, 0x0000000703c00000| Untracked 
|  16|0x0000000703e00000, 0x0000000703e00000, 0x0000000704000000|  0%| F|  |TAMS 0x0000000703e00000, 0x0000000703e00000| Untracked 
|  17|0x0000000704000000, 0x0000000704000000, 0x0000000704200000|  0%| F|  |TAMS 0x0000000704000000, 0x0000000704000000| Untracked 
|  18|0x0000000704200000, 0x0000000704200000, 0x0000000704400000|  0%| F|  |TAMS 0x0000000704200000, 0x0000000704200000| Untracked 
|  19|0x0000000704400000, 0x0000000704400000, 0x0000000704600000|  0%| F|  |TAMS 0x0000000704400000, 0x0000000704400000| Untracked 
|  20|0x0000000704600000, 0x0000000704600000, 0x0000000704800000|  0%| F|  |TAMS 0x0000000704600000, 0x0000000704600000| Untracked 
|  21|0x0000000704800000, 0x0000000704800000, 0x0000000704a00000|  0%| F|  |TAMS 0x0000000704800000, 0x0000000704800000| Untracked 
|  22|0x0000000704a00000, 0x0000000704a00000, 0x0000000704c00000|  0%| F|  |TAMS 0x0000000704a00000, 0x0000000704a00000| Untracked 
|  23|0x0000000704c00000, 0x0000000704c00000, 0x0000000704e00000|  0%| F|  |TAMS 0x0000000704c00000, 0x0000000704c00000| Untracked 
|  24|0x0000000704e00000, 0x0000000704e00000, 0x0000000705000000|  0%| F|  |TAMS 0x0000000704e00000, 0x0000000704e00000| Untracked 
|  25|0x0000000705000000, 0x0000000705000000, 0x0000000705200000|  0%| F|  |TAMS 0x0000000705000000, 0x0000000705000000| Untracked 
|  26|0x0000000705200000, 0x0000000705200000, 0x0000000705400000|  0%| F|  |TAMS 0x0000000705200000, 0x0000000705200000| Untracked 
|  27|0x0000000705400000, 0x0000000705400000, 0x0000000705600000|  0%| F|  |TAMS 0x0000000705400000, 0x0000000705400000| Untracked 
|  28|0x0000000705600000, 0x0000000705600000, 0x0000000705800000|  0%| F|  |TAMS 0x0000000705600000, 0x0000000705600000| Untracked 
|  29|0x0000000705800000, 0x0000000705800000, 0x0000000705a00000|  0%| F|  |TAMS 0x0000000705800000, 0x0000000705800000| Untracked 
|  30|0x0000000705a00000, 0x0000000705a00000, 0x0000000705c00000|  0%| F|  |TAMS 0x0000000705a00000, 0x0000000705a00000| Untracked 
|  31|0x0000000705c00000, 0x0000000705c00000, 0x0000000705e00000|  0%| F|  |TAMS 0x0000000705c00000, 0x0000000705c00000| Untracked 
|  32|0x0000000705e00000, 0x0000000705e00000, 0x0000000706000000|  0%| F|  |TAMS 0x0000000705e00000, 0x0000000705e00000| Untracked 
|  33|0x0000000706000000, 0x0000000706000000, 0x0000000706200000|  0%| F|  |TAMS 0x0000000706000000, 0x0000000706000000| Untracked 
|  34|0x0000000706200000, 0x0000000706200000, 0x0000000706400000|  0%| F|  |TAMS 0x0000000706200000, 0x0000000706200000| Untracked 
|  35|0x0000000706400000, 0x0000000706400000, 0x0000000706600000|  0%| F|  |TAMS 0x0000000706400000, 0x0000000706400000| Untracked 
|  36|0x0000000706600000, 0x0000000706600000, 0x0000000706800000|  0%| F|  |TAMS 0x0000000706600000, 0x0000000706600000| Untracked 
|  37|0x0000000706800000, 0x0000000706800000, 0x0000000706a00000|  0%| F|  |TAMS 0x0000000706800000, 0x0000000706800000| Untracked 
|  38|0x0000000706a00000, 0x0000000706a00000, 0x0000000706c00000|  0%| F|  |TAMS 0x0000000706a00000, 0x0000000706a00000| Untracked 
|  39|0x0000000706c00000, 0x0000000706c00000, 0x0000000706e00000|  0%| F|  |TAMS 0x0000000706c00000, 0x0000000706c00000| Untracked 
|  40|0x0000000706e00000, 0x0000000706e00000, 0x0000000707000000|  0%| F|  |TAMS 0x0000000706e00000, 0x0000000706e00000| Untracked 
|  41|0x0000000707000000, 0x0000000707000000, 0x0000000707200000|  0%| F|  |TAMS 0x0000000707000000, 0x0000000707000000| Untracked 
|  42|0x0000000707200000, 0x0000000707200000, 0x0000000707400000|  0%| F|  |TAMS 0x0000000707200000, 0x0000000707200000| Untracked 
|  43|0x0000000707400000, 0x0000000707400000, 0x0000000707600000|  0%| F|  |TAMS 0x0000000707400000, 0x0000000707400000| Untracked 
|  44|0x0000000707600000, 0x0000000707600000, 0x0000000707800000|  0%| F|  |TAMS 0x0000000707600000, 0x0000000707600000| Untracked 
|  45|0x0000000707800000, 0x0000000707800000, 0x0000000707a00000|  0%| F|  |TAMS 0x0000000707800000, 0x0000000707800000| Untracked 
|  46|0x0000000707a00000, 0x0000000707a00000, 0x0000000707c00000|  0%| F|  |TAMS 0x0000000707a00000, 0x0000000707a00000| Untracked 
|  47|0x0000000707c00000, 0x0000000707c00000, 0x0000000707e00000|  0%| F|  |TAMS 0x0000000707c00000, 0x0000000707c00000| Untracked 
|  48|0x0000000707e00000, 0x0000000707e00000, 0x0000000708000000|  0%| F|  |TAMS 0x0000000707e00000, 0x0000000707e00000| Untracked 
|  49|0x0000000708000000, 0x0000000708000000, 0x0000000708200000|  0%| F|  |TAMS 0x0000000708000000, 0x0000000708000000| Untracked 
|  50|0x0000000708200000, 0x0000000708200000, 0x0000000708400000|  0%| F|  |TAMS 0x0000000708200000, 0x0000000708200000| Untracked 
|  51|0x0000000708400000, 0x0000000708400000, 0x0000000708600000|  0%| F|  |TAMS 0x0000000708400000, 0x0000000708400000| Untracked 
|  52|0x0000000708600000, 0x0000000708600000, 0x0000000708800000|  0%| F|  |TAMS 0x0000000708600000, 0x0000000708600000| Untracked 
|  53|0x0000000708800000, 0x0000000708800000, 0x0000000708a00000|  0%| F|  |TAMS 0x0000000708800000, 0x0000000708800000| Untracked 
|  54|0x0000000708a00000, 0x0000000708a00000, 0x0000000708c00000|  0%| F|  |TAMS 0x0000000708a00000, 0x0000000708a00000| Untracked 
|  55|0x0000000708c00000, 0x0000000708c00000, 0x0000000708e00000|  0%| F|  |TAMS 0x0000000708c00000, 0x0000000708c00000| Untracked 
|  56|0x0000000708e00000, 0x0000000708e00000, 0x0000000709000000|  0%| F|  |TAMS 0x0000000708e00000, 0x0000000708e00000| Untracked 
|  57|0x0000000709000000, 0x0000000709000000, 0x0000000709200000|  0%| F|  |TAMS 0x0000000709000000, 0x0000000709000000| Untracked 
|  58|0x0000000709200000, 0x0000000709200000, 0x0000000709400000|  0%| F|  |TAMS 0x0000000709200000, 0x0000000709200000| Untracked 
|  59|0x0000000709400000, 0x0000000709400000, 0x0000000709600000|  0%| F|  |TAMS 0x0000000709400000, 0x0000000709400000| Untracked 
|  60|0x0000000709600000, 0x0000000709600000, 0x0000000709800000|  0%| F|  |TAMS 0x0000000709600000, 0x0000000709600000| Untracked 
|  61|0x0000000709800000, 0x0000000709800000, 0x0000000709a00000|  0%| F|  |TAMS 0x0000000709800000, 0x0000000709800000| Untracked 
|  62|0x0000000709a00000, 0x0000000709a00000, 0x0000000709c00000|  0%| F|  |TAMS 0x0000000709a00000, 0x0000000709a00000| Untracked 
|  63|0x0000000709c00000, 0x0000000709c00000, 0x0000000709e00000|  0%| F|  |TAMS 0x0000000709c00000, 0x0000000709c00000| Untracked 
|  64|0x0000000709e00000, 0x0000000709e00000, 0x000000070a000000|  0%| F|  |TAMS 0x0000000709e00000, 0x0000000709e00000| Untracked 
|  65|0x000000070a000000, 0x000000070a000000, 0x000000070a200000|  0%| F|  |TAMS 0x000000070a000000, 0x000000070a000000| Untracked 
|  66|0x000000070a200000, 0x000000070a200000, 0x000000070a400000|  0%| F|  |TAMS 0x000000070a200000, 0x000000070a200000| Untracked 
|  67|0x000000070a400000, 0x000000070a400000, 0x000000070a600000|  0%| F|  |TAMS 0x000000070a400000, 0x000000070a400000| Untracked 
|  68|0x000000070a600000, 0x000000070a600000, 0x000000070a800000|  0%| F|  |TAMS 0x000000070a600000, 0x000000070a600000| Untracked 
|  69|0x000000070a800000, 0x000000070a800000, 0x000000070aa00000|  0%| F|  |TAMS 0x000000070a800000, 0x000000070a800000| Untracked 
|  70|0x000000070aa00000, 0x000000070aa00000, 0x000000070ac00000|  0%| F|  |TAMS 0x000000070aa00000, 0x000000070aa00000| Untracked 
|  71|0x000000070ac00000, 0x000000070ac00000, 0x000000070ae00000|  0%| F|  |TAMS 0x000000070ac00000, 0x000000070ac00000| Untracked 
|  72|0x000000070ae00000, 0x000000070ae00000, 0x000000070b000000|  0%| F|  |TAMS 0x000000070ae00000, 0x000000070ae00000| Untracked 
|  73|0x000000070b000000, 0x000000070b000000, 0x000000070b200000|  0%| F|  |TAMS 0x000000070b000000, 0x000000070b000000| Untracked 
|  74|0x000000070b200000, 0x000000070b200000, 0x000000070b400000|  0%| F|  |TAMS 0x000000070b200000, 0x000000070b200000| Untracked 
|  75|0x000000070b400000, 0x000000070b400000, 0x000000070b600000|  0%| F|  |TAMS 0x000000070b400000, 0x000000070b400000| Untracked 
|  76|0x000000070b600000, 0x000000070b600000, 0x000000070b800000|  0%| F|  |TAMS 0x000000070b600000, 0x000000070b600000| Untracked 
|  77|0x000000070b800000, 0x000000070b800000, 0x000000070ba00000|  0%| F|  |TAMS 0x000000070b800000, 0x000000070b800000| Untracked 
|  78|0x000000070ba00000, 0x000000070ba00000, 0x000000070bc00000|  0%| F|  |TAMS 0x000000070ba00000, 0x000000070ba00000| Untracked 
|  79|0x000000070bc00000, 0x000000070bc00000, 0x000000070be00000|  0%| F|  |TAMS 0x000000070bc00000, 0x000000070bc00000| Untracked 
|  80|0x000000070be00000, 0x000000070be00000, 0x000000070c000000|  0%| F|  |TAMS 0x000000070be00000, 0x000000070be00000| Untracked 
|  81|0x000000070c000000, 0x000000070c000000, 0x000000070c200000|  0%| F|  |TAMS 0x000000070c000000, 0x000000070c000000| Untracked 
|  82|0x000000070c200000, 0x000000070c200000, 0x000000070c400000|  0%| F|  |TAMS 0x000000070c200000, 0x000000070c200000| Untracked 
|  83|0x000000070c400000, 0x000000070c400000, 0x000000070c600000|  0%| F|  |TAMS 0x000000070c400000, 0x000000070c400000| Untracked 
|  84|0x000000070c600000, 0x000000070c600000, 0x000000070c800000|  0%| F|  |TAMS 0x000000070c600000, 0x000000070c600000| Untracked 
|  85|0x000000070c800000, 0x000000070c800000, 0x000000070ca00000|  0%| F|  |TAMS 0x000000070c800000, 0x000000070c800000| Untracked 
|  86|0x000000070ca00000, 0x000000070ca00000, 0x000000070cc00000|  0%| F|  |TAMS 0x000000070ca00000, 0x000000070ca00000| Untracked 
|  87|0x000000070cc00000, 0x000000070cc00000, 0x000000070ce00000|  0%| F|  |TAMS 0x000000070cc00000, 0x000000070cc00000| Untracked 
|  88|0x000000070ce00000, 0x000000070ce00000, 0x000000070d000000|  0%| F|  |TAMS 0x000000070ce00000, 0x000000070ce00000| Untracked 
|  89|0x000000070d000000, 0x000000070d000000, 0x000000070d200000|  0%| F|  |TAMS 0x000000070d000000, 0x000000070d000000| Untracked 
|  90|0x000000070d200000, 0x000000070d200000, 0x000000070d400000|  0%| F|  |TAMS 0x000000070d200000, 0x000000070d200000| Untracked 
|  91|0x000000070d400000, 0x000000070d400000, 0x000000070d600000|  0%| F|  |TAMS 0x000000070d400000, 0x000000070d400000| Untracked 
|  92|0x000000070d600000, 0x000000070d600000, 0x000000070d800000|  0%| F|  |TAMS 0x000000070d600000, 0x000000070d600000| Untracked 
|  93|0x000000070d800000, 0x000000070d800000, 0x000000070da00000|  0%| F|  |TAMS 0x000000070d800000, 0x000000070d800000| Untracked 
|  94|0x000000070da00000, 0x000000070da00000, 0x000000070dc00000|  0%| F|  |TAMS 0x000000070da00000, 0x000000070da00000| Untracked 
|  95|0x000000070dc00000, 0x000000070dc00000, 0x000000070de00000|  0%| F|  |TAMS 0x000000070dc00000, 0x000000070dc00000| Untracked 
|  96|0x000000070de00000, 0x000000070de00000, 0x000000070e000000|  0%| F|  |TAMS 0x000000070de00000, 0x000000070de00000| Untracked 
|  97|0x000000070e000000, 0x000000070e000000, 0x000000070e200000|  0%| F|  |TAMS 0x000000070e000000, 0x000000070e000000| Untracked 
|  98|0x000000070e200000, 0x000000070e200000, 0x000000070e400000|  0%| F|  |TAMS 0x000000070e200000, 0x000000070e200000| Untracked 
|  99|0x000000070e400000, 0x000000070e400000, 0x000000070e600000|  0%| F|  |TAMS 0x000000070e400000, 0x000000070e400000| Untracked 
| 100|0x000000070e600000, 0x000000070e600000, 0x000000070e800000|  0%| F|  |TAMS 0x000000070e600000, 0x000000070e600000| Untracked 
| 101|0x000000070e800000, 0x000000070e800000, 0x000000070ea00000|  0%| F|  |TAMS 0x000000070e800000, 0x000000070e800000| Untracked 
| 102|0x000000070ea00000, 0x000000070ea00000, 0x000000070ec00000|  0%| F|  |TAMS 0x000000070ea00000, 0x000000070ea00000| Untracked 
| 103|0x000000070ec00000, 0x000000070ec00000, 0x000000070ee00000|  0%| F|  |TAMS 0x000000070ec00000, 0x000000070ec00000| Untracked 
| 104|0x000000070ee00000, 0x000000070ee00000, 0x000000070f000000|  0%| F|  |TAMS 0x000000070ee00000, 0x000000070ee00000| Untracked 
| 105|0x000000070f000000, 0x000000070f000000, 0x000000070f200000|  0%| F|  |TAMS 0x000000070f000000, 0x000000070f000000| Untracked 
| 106|0x000000070f200000, 0x000000070f200000, 0x000000070f400000|  0%| F|  |TAMS 0x000000070f200000, 0x000000070f200000| Untracked 
| 107|0x000000070f400000, 0x000000070f400000, 0x000000070f600000|  0%| F|  |TAMS 0x000000070f400000, 0x000000070f400000| Untracked 
| 108|0x000000070f600000, 0x000000070f600000, 0x000000070f800000|  0%| F|  |TAMS 0x000000070f600000, 0x000000070f600000| Untracked 
| 109|0x000000070f800000, 0x000000070f800000, 0x000000070fa00000|  0%| F|  |TAMS 0x000000070f800000, 0x000000070f800000| Untracked 
| 110|0x000000070fa00000, 0x000000070fa00000, 0x000000070fc00000|  0%| F|  |TAMS 0x000000070fa00000, 0x000000070fa00000| Untracked 
| 111|0x000000070fc00000, 0x000000070fc00000, 0x000000070fe00000|  0%| F|  |TAMS 0x000000070fc00000, 0x000000070fc00000| Untracked 
| 112|0x000000070fe00000, 0x000000070fe00000, 0x0000000710000000|  0%| F|  |TAMS 0x000000070fe00000, 0x000000070fe00000| Untracked 
| 113|0x0000000710000000, 0x0000000710000000, 0x0000000710200000|  0%| F|  |TAMS 0x0000000710000000, 0x0000000710000000| Untracked 
| 114|0x0000000710200000, 0x0000000710200000, 0x0000000710400000|  0%| F|  |TAMS 0x0000000710200000, 0x0000000710200000| Untracked 
| 115|0x0000000710400000, 0x0000000710400000, 0x0000000710600000|  0%| F|  |TAMS 0x0000000710400000, 0x0000000710400000| Untracked 
| 116|0x0000000710600000, 0x0000000710600000, 0x0000000710800000|  0%| F|  |TAMS 0x0000000710600000, 0x0000000710600000| Untracked 
| 117|0x0000000710800000, 0x0000000710800000, 0x0000000710a00000|  0%| F|  |TAMS 0x0000000710800000, 0x0000000710800000| Untracked 
| 118|0x0000000710a00000, 0x0000000710b9c500, 0x0000000710c00000| 80%| S|CS|TAMS 0x0000000710a00000, 0x0000000710a00000| Complete 
| 119|0x0000000710c00000, 0x0000000710c00000, 0x0000000710e00000|  0%| F|  |TAMS 0x0000000710c00000, 0x0000000710c00000| Untracked 
| 120|0x0000000710e00000, 0x0000000710e00000, 0x0000000711000000|  0%| F|  |TAMS 0x0000000710e00000, 0x0000000710e00000| Untracked 
| 121|0x0000000711000000, 0x0000000711000000, 0x0000000711200000|  0%| F|  |TAMS 0x0000000711000000, 0x0000000711000000| Untracked 
| 122|0x0000000711200000, 0x0000000711200000, 0x0000000711400000|  0%| F|  |TAMS 0x0000000711200000, 0x0000000711200000| Untracked 
| 123|0x0000000711400000, 0x0000000711400000, 0x0000000711600000|  0%| F|  |TAMS 0x0000000711400000, 0x0000000711400000| Untracked 
| 124|0x0000000711600000, 0x0000000711600000, 0x0000000711800000|  0%| F|  |TAMS 0x0000000711600000, 0x0000000711600000| Untracked 
| 125|0x0000000711800000, 0x000000071190e4e0, 0x0000000711a00000| 52%| E|  |TAMS 0x0000000711800000, 0x0000000711800000| Complete 
| 126|0x0000000711a00000, 0x0000000711c00000, 0x0000000711c00000|100%| E|CS|TAMS 0x0000000711a00000, 0x0000000711a00000| Complete 
| 127|0x0000000711c00000, 0x0000000711e00000, 0x0000000711e00000|100%| E|CS|TAMS 0x0000000711c00000, 0x0000000711c00000| Complete 

Card table byte_map: [0x0000027e80800000,0x0000027e81000000] _byte_map_base: 0x0000027e7cff1000

Marking Bits (Prev, Next): (CMBitMap*) 0x0000027ef317f2a0, (CMBitMap*) 0x0000027ef317f2e0
 Prev Bits: [0x0000027e81800000, 0x0000027e85788000)
 Next Bits: [0x0000027e85790000, 0x0000027e89718000)

Polling page: 0x0000027ef31e0000

Metaspace:

Usage:
  Non-class:      6.88 MB used.
      Class:    974.09 KB used.
       Both:      7.83 MB used.

Virtual space:
  Non-class space:        8.00 MB reserved,       7.00 MB ( 88%) committed,  1 nodes.
      Class space:        1.00 GB reserved,       1.00 MB ( <1%) committed,  1 nodes.
             Both:        1.01 GB reserved,       8.00 MB ( <1%) committed. 

Chunk freelists:
   Non-Class:  848.00 KB
       Class:  2.95 MB
        Both:  3.78 MB

MaxMetaspaceSize: unlimited
CompressedClassSpaceSize: 1.00 GB
Initial GC threshold: 21.00 MB
Current GC threshold: 21.00 MB
CDS: on
MetaspaceReclaimPolicy: balanced
 - commit_granule_bytes: 65536.
 - commit_granule_words: 8192.
 - virtual_space_node_default_size: 1048576.
 - enlarge_chunks_in_place: 1.
 - new_chunks_are_fully_committed: 0.
 - uncommit_free_chunks: 1.
 - use_allocation_guard: 0.
 - handle_deallocations: 1.


Internal statistics:

num_allocs_failed_limit: 0.
num_arena_births: 126.
num_arena_deaths: 0.
num_vsnodes_births: 2.
num_vsnodes_deaths: 0.
num_space_committed: 128.
num_space_uncommitted: 0.
num_chunks_returned_to_freelist: 0.
num_chunks_taken_from_freelist: 258.
num_chunk_merges: 0.
num_chunk_splits: 165.
num_chunks_enlarged: 114.
num_purges: 0.
num_inconsistent_stats: 0.

CodeCache: size=49152Kb used=5325Kb max_used=5325Kb free=43826Kb
 bounds [0x0000027efc120000, 0x0000027efc660000, 0x0000027eff120000]
 total_blobs=1981 nmethods=1523 adapters=382
 compilation: enabled
              stopped_count=0, restarted_count=0
 full_count=0

Compilation events (20 events):
Event: 1.328 Thread 0x0000027e8bd2a010 nmethod 1513 0x0000027efc64ee10 code [0x0000027efc64f000, 0x0000027efc64f3f8]
Event: 1.328 Thread 0x0000027e8bd29a50 nmethod 1512 0x0000027efc64f610 code [0x0000027efc64f7c0, 0x0000027efc64fb38]
Event: 1.328 Thread 0x0000027e8bd29a50 1514       1       org.springframework.core.ResolvableType::resolve (5 bytes)
Event: 1.328 Thread 0x0000027e8bd29a50 nmethod 1514 0x0000027efc650110 code [0x0000027efc6502a0, 0x0000027efc650378]
Event: 1.335 Thread 0x0000027e8bd2a010 1515       1       java.util.regex.Pattern::peek (26 bytes)
Event: 1.335 Thread 0x0000027e8bd2a010 nmethod 1515 0x0000027efc650410 code [0x0000027efc6505a0, 0x0000027efc6506e8]
Event: 1.336 Thread 0x0000027e8bd2a010 1516   !   1       org.springframework.util.ConcurrentReferenceHashMap$Segment::clear (69 bytes)
Event: 1.337 Thread 0x0000027e8bd29a50 1517       1       java.util.regex.Pattern$BmpCharProperty::match (55 bytes)
Event: 1.337 Thread 0x0000027e8bd2a010 nmethod 1516 0x0000027efc650810 code [0x0000027efc650a20, 0x0000027efc650f08]
Event: 1.337 Thread 0x0000027e8bd2a010 1518       1       java.util.regex.Pattern$$Lambda$19/0x800000025::is (9 bytes)
Event: 1.337 Thread 0x0000027e8bd2a010 nmethod 1518 0x0000027efc651290 code [0x0000027efc651420, 0x0000027efc6514f8]
Event: 1.337 Thread 0x0000027e8bd2a010 1519       1       java.util.regex.Pattern::lambda$Single$7 (11 bytes)
Event: 1.337 Thread 0x0000027e8bd29a50 nmethod 1517 0x0000027efc651590 code [0x0000027efc651740, 0x0000027efc651928]
Event: 1.337 Thread 0x0000027e8bd2a010 nmethod 1519 0x0000027efc651a10 code [0x0000027efc651ba0, 0x0000027efc651c58]
Event: 1.337 Thread 0x0000027e8bd69560 1520       1       org.jetbrains.capture.org.objectweb.asm.ByteVector::putShort (52 bytes)
Event: 1.337 Thread 0x0000027e8bd69560 nmethod 1520 0x0000027efc651d10 code [0x0000027efc651ec0, 0x0000027efc652048]
Event: 1.339 Thread 0x0000027e8bd69560 1521       1       org.springframework.util.ConcurrentReferenceHashMap$Task::hasOption (9 bytes)
Event: 1.339 Thread 0x0000027e8bd69560 nmethod 1521 0x0000027efc652b90 code [0x0000027efc652d20, 0x0000027efc652e28]
Event: 1.340 Thread 0x0000027e8bd2a010 1523       1       java.util.Collections$1::hasNext (5 bytes)
Event: 1.340 Thread 0x0000027e8bd2a010 nmethod 1523 0x0000027efc652f10 code [0x0000027efc6530a0, 0x0000027efc653178]

GC Heap History (4 events):
Event: 0.836 GC heap before
{Heap before GC invocations=0 (full 0):
 garbage-first heap   total 262144K, used 20480K [0x0000000701e00000, 0x0000000800000000)
  region size 2048K, 11 young (22528K), 0 survivors (0K)
 Metaspace       used 5073K, committed 5184K, reserved 1056768K
  class space    used 583K, committed 640K, reserved 1048576K
}
Event: 0.840 GC heap after
{Heap after GC invocations=1 (full 0):
 garbage-first heap   total 262144K, used 8184K [0x0000000701e00000, 0x0000000800000000)
  region size 2048K, 2 young (4096K), 2 survivors (4096K)
 Metaspace       used 5073K, committed 5184K, reserved 1056768K
  class space    used 583K, committed 640K, reserved 1048576K
}
Event: 1.241 GC heap before
{Heap before GC invocations=1 (full 0):
 garbage-first heap   total 262144K, used 24568K [0x0000000701e00000, 0x0000000800000000)
  region size 2048K, 11 young (22528K), 2 survivors (4096K)
 Metaspace       used 6881K, committed 7040K, reserved 1056768K
  class space    used 823K, committed 896K, reserved 1048576K
}
Event: 1.246 GC heap after
{Heap after GC invocations=2 (full 0):
 garbage-first heap   total 262144K, used 9677K [0x0000000701e00000, 0x0000000800000000)
  region size 2048K, 1 young (2048K), 1 survivors (2048K)
 Metaspace       used 6881K, committed 7040K, reserved 1056768K
  class space    used 823K, committed 896K, reserved 1048576K
}

Deoptimization events (20 events):
Event: 1.259 Thread 0x0000027e8da55080 DEOPT PACKING pc=0x0000027efc5be87c sp=0x000000a8b70fc7c0
Event: 1.259 Thread 0x0000027e8da55080 DEOPT UNPACKING pc=0x0000027efc172b43 sp=0x000000a8b70fbc78 mode 1
Event: 1.259 Thread 0x0000027e8da55080 DEOPT PACKING pc=0x0000027efc559ddc sp=0x000000a8b70fd1a0
Event: 1.259 Thread 0x0000027e8da55080 DEOPT UNPACKING pc=0x0000027efc172b43 sp=0x000000a8b70fc690 mode 1
Event: 1.260 Thread 0x0000027e8da55080 DEOPT PACKING pc=0x0000027efc5c0be4 sp=0x000000a8b70fc6f0
Event: 1.260 Thread 0x0000027e8da55080 DEOPT UNPACKING pc=0x0000027efc172b43 sp=0x000000a8b70fbb88 mode 1
Event: 1.260 Thread 0x0000027e8da55080 DEOPT PACKING pc=0x0000027efc5be87c sp=0x000000a8b70fc7c0
Event: 1.260 Thread 0x0000027e8da55080 DEOPT UNPACKING pc=0x0000027efc172b43 sp=0x000000a8b70fbc78 mode 1
Event: 1.260 Thread 0x0000027e8da55080 DEOPT PACKING pc=0x0000027efc559ddc sp=0x000000a8b70fd1a0
Event: 1.260 Thread 0x0000027e8da55080 DEOPT UNPACKING pc=0x0000027efc172b43 sp=0x000000a8b70fc690 mode 1
Event: 1.260 Thread 0x0000027e8da55080 DEOPT PACKING pc=0x0000027efc5c0be4 sp=0x000000a8b70fc630
Event: 1.260 Thread 0x0000027e8da55080 DEOPT UNPACKING pc=0x0000027efc172b43 sp=0x000000a8b70fbac8 mode 1
Event: 1.260 Thread 0x0000027e8da55080 DEOPT PACKING pc=0x0000027efc5be87c sp=0x000000a8b70fc700
Event: 1.260 Thread 0x0000027e8da55080 DEOPT UNPACKING pc=0x0000027efc172b43 sp=0x000000a8b70fbbb8 mode 1
Event: 1.260 Thread 0x0000027e8da55080 DEOPT PACKING pc=0x0000027efc559ddc sp=0x000000a8b70fd0e0
Event: 1.260 Thread 0x0000027e8da55080 DEOPT UNPACKING pc=0x0000027efc172b43 sp=0x000000a8b70fc5d0 mode 1
Event: 1.260 Thread 0x0000027e8da55080 DEOPT PACKING pc=0x0000027efc5be87c sp=0x000000a8b70fd250
Event: 1.260 Thread 0x0000027e8da55080 DEOPT UNPACKING pc=0x0000027efc172b43 sp=0x000000a8b70fc708 mode 1
Event: 1.260 Thread 0x0000027e8da55080 DEOPT PACKING pc=0x0000027efc559ddc sp=0x000000a8b70fdc30
Event: 1.260 Thread 0x0000027e8da55080 DEOPT UNPACKING pc=0x0000027efc172b43 sp=0x000000a8b70fd120 mode 1

Classes unloaded (0 events):
No events

Classes redefined (0 events):
No events

Internal exceptions (20 events):
Event: 0.214 Thread 0x0000027ef312fb70 Implicit null exception at 0x0000027efc428b6a to 0x0000027efc429303
Event: 0.346 Thread 0x0000027ef312fb70 Exception <a 'java/lang/NoSuchMethodError'{0x0000000711159370}: 'java.lang.Object java.lang.invoke.DirectMethodHandle$Holder.invokeStaticInit(java.lang.Object)'> (0x0000000711159370) 
thrown [t:\workspace\open\src\hotspot\share\interpreter\linkResolver.cpp, line 766]
Event: 0.384 Thread 0x0000027ef312fb70 Exception <a 'java/lang/NoSuchMethodError'{0x0000000710e0d280}: 'int java.lang.invoke.DirectMethodHandle$Holder.invokeInterface(java.lang.Object, java.lang.Object)'> (0x0000000710e0d280) 
thrown [t:\workspace\open\src\hotspot\share\interpreter\linkResolver.cpp, line 766]
Event: 0.385 Thread 0x0000027ef312fb70 Exception <a 'java/lang/IncompatibleClassChangeError'{0x0000000710e10880}: Found class java.lang.Object, but interface was expected> (0x0000000710e10880) 
thrown [t:\workspace\open\src\hotspot\share\interpreter\linkResolver.cpp, line 833]
Event: 0.387 Thread 0x0000027ef312fb70 Exception <a 'java/lang/NoSuchMethodError'{0x0000000710e16bc0}: 'void java.lang.invoke.DirectMethodHandle$Holder.invokeStatic(java.lang.Object, java.lang.Object)'> (0x0000000710e16bc0) 
thrown [t:\workspace\open\src\hotspot\share\interpreter\linkResolver.cpp, line 766]
Event: 0.493 Thread 0x0000027ef312fb70 Exception <a 'java/lang/NoSuchMethodError'{0x0000000710f8f518}: 'int java.lang.invoke.DirectMethodHandle$Holder.invokeSpecial(java.lang.Object, java.lang.Object, java.lang.Object)'> (0x0000000710f8f518) 
thrown [t:\workspace\open\src\hotspot\share\interpreter\linkResolver.cpp, line 766]
Event: 0.569 Thread 0x0000027ef312fb70 Exception <a 'java/lang/NoSuchMethodError'{0x0000000710d2db58}: 'void java.lang.invoke.DirectMethodHandle$Holder.invokeStatic(java.lang.Object, java.lang.Object, java.lang.Object)'> (0x0000000710d2db58) 
thrown [t:\workspace\open\src\hotspot\share\interpreter\linkResolver.cpp, line 766]
Event: 0.602 Thread 0x0000027ef312fb70 Exception <a 'java/lang/NoSuchMethodError'{0x0000000710d92298}: 'int java.lang.invoke.DirectMethodHandle$Holder.invokeSpecialIFC(java.lang.Object, java.lang.Object, java.lang.Object)'> (0x0000000710d92298) 
thrown [t:\workspace\open\src\hotspot\share\interpreter\linkResolver.cpp, line 766]
Event: 0.645 Thread 0x0000027ef312fb70 Exception <a 'java/lang/NoSuchMethodError'{0x0000000710a6c320}: 'java.lang.Object java.lang.invoke.DirectMethodHandle$Holder.invokeStaticInit(java.lang.Object, int, int, int, int)'> (0x0000000710a6c320) 
thrown [t:\workspace\open\src\hotspot\share\interpreter\linkResolver.cpp, line 766]
Event: 0.713 Thread 0x0000027ef312fb70 Exception <a 'java/lang/NoSuchMethodError'{0x0000000710af4d88}: 'java.lang.Object java.lang.invoke.DirectMethodHandle$Holder.invokeStaticInit(java.lang.Object, java.lang.Object, int, int, int, int)'> (0x0000000710af4d88) 
thrown [t:\workspace\open\src\hotspot\share\interpreter\linkResolver.cpp, line 766]
Event: 0.734 Thread 0x0000027ef312fb70 Exception <a 'java/lang/ClassNotFoundException'{0x0000000710b328f0}: javax/management/remote/rmi/RMIServerImpl_Skel> (0x0000000710b328f0) 
thrown [t:\workspace\open\src\hotspot\share\classfile\systemDictionary.cpp, line 256]
Event: 0.821 Thread 0x0000027ef312fb70 Exception <a 'java/lang/ClassNotFoundException'{0x000000071099d670}: javax/smartcardio/CardPermission> (0x000000071099d670) 
thrown [t:\workspace\open\src\hotspot\share\classfile\systemDictionary.cpp, line 256]
Event: 0.823 Thread 0x0000027ef312fb70 Exception <a 'java/io/FileNotFoundException'{0x00000007109adc58}> (0x00000007109adc58) 
thrown [t:\workspace\open\src\hotspot\share\prims\jni.cpp, line 516]
Event: 0.965 Thread 0x0000027ef312fb70 Exception <a 'java/lang/NoSuchMethodError'{0x00000007119658b0}: 'java.lang.Object java.lang.invoke.DirectMethodHandle$Holder.invokeSpecialIFC(java.lang.Object, java.lang.Object, java.lang.Object, java.lang.Object)'> (0x00000007119658b0) 
thrown [t:\workspace\open\src\hotspot\share\interpreter\linkResolver.cpp, line 766]
Event: 0.996 Thread 0x0000027ef312fb70 Exception <a 'java/lang/NoSuchMethodError'{0x0000000711636b28}: 'int java.lang.invoke.DirectMethodHandle$Holder.invokeStaticInit(java.lang.Object, java.lang.Object)'> (0x0000000711636b28) 
thrown [t:\workspace\open\src\hotspot\share\interpreter\linkResolver.cpp, line 766]
Event: 1.061 Thread 0x0000027ef312fb70 Exception <a 'java/lang/NoSuchMethodError'{0x00000007114c22e0}: 'int java.lang.invoke.DirectMethodHandle$Holder.invokeStaticInit(java.lang.Object, java.lang.Object, java.lang.Object)'> (0x00000007114c22e0) 
thrown [t:\workspace\open\src\hotspot\share\interpreter\linkResolver.cpp, line 766]
Event: 1.077 Thread 0x0000027ef312fb70 Exception <a 'java/lang/NoSuchMethodError'{0x0000000711530788}: 'java.lang.Object java.lang.invoke.DirectMethodHandle$Holder.newInvokeSpecial(java.lang.Object, java.lang.Object, java.lang.Object, java.lang.Object, java.lang.Object)'> (0x0000000711530788) 
thrown [t:\workspace\open\src\hotspot\share\interpreter\linkResolver.cpp, line 766]
Event: 1.212 Thread 0x0000027e8d9b3ff0 Exception <a 'java/lang/NoSuchMethodError'{0x0000000710febec0}: 'org.slf4j.impl.StaticMDCBinder org.slf4j.impl.StaticMDCBinder.getSingleton()'> (0x0000000710febec0) 
thrown [t:\workspace\open\src\hotspot\share\interpreter\linkResolver.cpp, line 766]
Event: 1.293 Thread 0x0000027e8da55080 Exception <a 'sun/nio/fs/WindowsException'{0x0000000711a134b8}> (0x0000000711a134b8) 
thrown [t:\workspace\open\src\hotspot\share\prims\jni.cpp, line 516]
Event: 1.340 Thread 0x0000027e8da61850 Exception <a 'java/lang/NoSuchMethodError'{0x00000007118a5510}: static [B.<clinit>()V> (0x00000007118a5510) 
thrown [t:\workspace\open\src\hotspot\share\prims\jni.cpp, line 1107]

VM Operations (20 events):
Event: 0.188 Executing VM operation: ChangeBreakpoints
Event: 0.188 Executing VM operation: ChangeBreakpoints done
Event: 0.189 Executing VM operation: ChangeBreakpoints
Event: 0.189 Executing VM operation: ChangeBreakpoints done
Event: 0.328 Executing VM operation: HandshakeAllThreads
Event: 0.328 Executing VM operation: HandshakeAllThreads done
Event: 0.393 Executing VM operation: HandshakeAllThreads
Event: 0.393 Executing VM operation: HandshakeAllThreads done
Event: 0.631 Executing VM operation: HandshakeAllThreads
Event: 0.631 Executing VM operation: HandshakeAllThreads done
Event: 0.759 Executing VM operation: HandshakeAllThreads
Event: 0.759 Executing VM operation: HandshakeAllThreads done
Event: 0.836 Executing VM operation: G1CollectForAllocation
Event: 0.842 Executing VM operation: G1CollectForAllocation done
Event: 0.953 Executing VM operation: HandshakeAllThreads
Event: 0.953 Executing VM operation: HandshakeAllThreads done
Event: 1.241 Executing VM operation: G1CollectForAllocation
Event: 1.246 Executing VM operation: G1CollectForAllocation done
Event: 1.298 Executing VM operation: HandshakeAllThreads
Event: 1.298 Executing VM operation: HandshakeAllThreads done

Events (20 events):
Event: 1.342 loading class org/springframework/core/convert/support/CollectionToArrayConverter done
Event: 1.342 loading class javax/management/remote/rmi/RMIConnectionImpl
Event: 1.342 loading class org/springframework/core/convert/support/ArrayToArrayConverter
Event: 1.342 loading class org/springframework/core/convert/support/ArrayToArrayConverter done
Event: 1.342 loading class java/rmi/server/Unreferenced
Event: 1.342 loading class org/springframework/core/convert/support/CollectionToCollectionConverter
Event: 1.342 loading class org/springframework/core/convert/support/CollectionToCollectionConverter done
Event: 1.342 loading class java/rmi/server/Unreferenced done
Event: 1.343 loading class javax/management/remote/rmi/RMIConnectionImpl done
Event: 1.343 loading class org/springframework/core/convert/support/MapToMapConverter
Event: 1.343 loading class org/springframework/core/convert/support/MapToMapConverter done
Event: 1.343 loading class com/sun/jmx/remote/security/SubjectDelegator
Event: 1.343 loading class com/sun/jmx/remote/security/SubjectDelegator done
Event: 1.343 loading class javax/management/remote/rmi/RMIConnectionImpl$1
Event: 1.343 loading class org/springframework/core/convert/support/ArrayToStringConverter
Event: 1.343 loading class org/springframework/core/convert/support/ArrayToStringConverter done
Event: 1.343 loading class javax/management/remote/rmi/RMIConnectionImpl$1 done
Event: 1.343 loading class javax/management/MBeanPermission
Event: 1.343 loading class org/springframework/core/convert/support/CollectionToStringConverter
Event: 1.343 loading class org/springframework/core/convert/support/CollectionToStringConverter done


Dynamic libraries:
0x00007ff7d39e0000 - 0x00007ff7d39ee000 	C:\Users\lzayoi\.jdks\openjdk-17.0.2\bin\java.exe
0x00007ff856ff0000 - 0x00007ff8571e8000 	C:\WINDOWS\SYSTEM32\ntdll.dll
0x00007ff855db0000 - 0x00007ff855e6d000 	C:\WINDOWS\System32\KERNEL32.DLL
0x00007ff854cb0000 - 0x00007ff854fa6000 	C:\WINDOWS\System32\KERNELBASE.dll
0x00007ff8549d0000 - 0x00007ff854ad0000 	C:\WINDOWS\System32\ucrtbase.dll
0x00007ff8513f0000 - 0x00007ff851408000 	C:\Users\lzayoi\.jdks\openjdk-17.0.2\bin\jli.dll
0x00007ff850110000 - 0x00007ff85012a000 	C:\Users\lzayoi\.jdks\openjdk-17.0.2\bin\VCRUNTIME140.dll
0x00007ff855e70000 - 0x00007ff85600e000 	C:\WINDOWS\System32\USER32.dll
0x00007ff854bf0000 - 0x00007ff854c12000 	C:\WINDOWS\System32\win32u.dll
0x00007ff841320000 - 0x00007ff8415ba000 	C:\WINDOWS\WinSxS\amd64_microsoft.windows.common-controls_6595b64144ccf1df_6.0.19041.3636_none_60b6a03d71f818d5\COMCTL32.dll
0x00007ff855d80000 - 0x00007ff855dac000 	C:\WINDOWS\System32\GDI32.dll
0x00007ff855520000 - 0x00007ff8555be000 	C:\WINDOWS\System32\msvcrt.dll
0x00007ff854ad0000 - 0x00007ff854bea000 	C:\WINDOWS\System32\gdi32full.dll
0x00007ff854fb0000 - 0x00007ff85504d000 	C:\WINDOWS\System32\msvcp_win.dll
0x00007ff856090000 - 0x00007ff8560c0000 	C:\WINDOWS\System32\IMM32.DLL
0x00007ff850170000 - 0x00007ff85017c000 	C:\Users\lzayoi\.jdks\openjdk-17.0.2\bin\vcruntime140_1.dll
0x00007ff83c680000 - 0x00007ff83c70d000 	C:\Users\lzayoi\.jdks\openjdk-17.0.2\bin\msvcp140.dll
0x00007ff802830000 - 0x00007ff8033f1000 	C:\Users\lzayoi\.jdks\openjdk-17.0.2\bin\server\jvm.dll
0x00007ff855050000 - 0x00007ff8550ff000 	C:\WINDOWS\System32\ADVAPI32.dll
0x00007ff856330000 - 0x00007ff8563cc000 	C:\WINDOWS\System32\sechost.dll
0x00007ff8555c0000 - 0x00007ff8556e6000 	C:\WINDOWS\System32\RPCRT4.dll
0x00007ff855c30000 - 0x00007ff855c38000 	C:\WINDOWS\System32\PSAPI.DLL
0x00007ff83d580000 - 0x00007ff83d589000 	C:\WINDOWS\SYSTEM32\WSOCK32.dll
0x00007ff8425a0000 - 0x00007ff8425c7000 	C:\WINDOWS\SYSTEM32\WINMM.dll
0x00007ff855100000 - 0x00007ff85516b000 	C:\WINDOWS\System32\WS2_32.dll
0x00007ff84d5a0000 - 0x00007ff84d5aa000 	C:\WINDOWS\SYSTEM32\VERSION.dll
0x00007ff852f20000 - 0x00007ff852f32000 	C:\WINDOWS\SYSTEM32\kernel.appcore.dll
0x00007ff850100000 - 0x00007ff85010a000 	C:\Users\lzayoi\.jdks\openjdk-17.0.2\bin\jimage.dll
0x00007ff852470000 - 0x00007ff852654000 	C:\WINDOWS\SYSTEM32\DBGHELP.DLL
0x00007ff83e0e0000 - 0x00007ff83e114000 	C:\WINDOWS\SYSTEM32\dbgcore.DLL
0x00007ff854c20000 - 0x00007ff854ca2000 	C:\WINDOWS\System32\bcryptPrimitives.dll
0x00007ff83f7e0000 - 0x00007ff83f81b000 	C:\Users\lzayoi\.jdks\openjdk-17.0.2\bin\jdwp.dll
0x00007ff850050000 - 0x00007ff85005e000 	C:\Users\lzayoi\.jdks\openjdk-17.0.2\bin\instrument.dll
0x00007ff8500d0000 - 0x00007ff8500f5000 	C:\Users\lzayoi\.jdks\openjdk-17.0.2\bin\java.dll
0x00007ff83c450000 - 0x00007ff83c526000 	C:\Users\lzayoi\.jdks\openjdk-17.0.2\bin\jsvml.dll
0x00007ff856730000 - 0x00007ff856e75000 	C:\WINDOWS\System32\SHELL32.dll
0x00007ff852770000 - 0x00007ff852f0b000 	C:\WINDOWS\SYSTEM32\windows.storage.dll
0x00007ff8563d0000 - 0x00007ff856724000 	C:\WINDOWS\System32\combase.dll
0x00007ff854110000 - 0x00007ff85413d000 	C:\WINDOWS\SYSTEM32\Wldp.dll
0x00007ff855700000 - 0x00007ff8557ad000 	C:\WINDOWS\System32\SHCORE.dll
0x00007ff8562d0000 - 0x00007ff856325000 	C:\WINDOWS\System32\shlwapi.dll
0x00007ff854600000 - 0x00007ff854625000 	C:\WINDOWS\SYSTEM32\profapi.dll
0x00007ff84ed30000 - 0x00007ff84ed3c000 	C:\Users\lzayoi\.jdks\openjdk-17.0.2\bin\dt_socket.dll
0x00007ff853b10000 - 0x00007ff853b4b000 	C:\WINDOWS\SYSTEM32\IPHLPAPI.DLL
0x00007ff853e70000 - 0x00007ff853eda000 	C:\WINDOWS\system32\mswsock.dll
0x00007ff848f20000 - 0x00007ff848f38000 	C:\Users\lzayoi\.jdks\openjdk-17.0.2\bin\zip.dll
0x00007ff84e3b0000 - 0x00007ff84e3c9000 	C:\Users\lzayoi\.jdks\openjdk-17.0.2\bin\net.dll
0x00007ff84b390000 - 0x00007ff84b49a000 	C:\WINDOWS\SYSTEM32\WINHTTP.dll
0x00007ff84da20000 - 0x00007ff84da36000 	C:\Users\lzayoi\.jdks\openjdk-17.0.2\bin\nio.dll
0x00007ff853b60000 - 0x00007ff853c2a000 	C:\WINDOWS\SYSTEM32\DNSAPI.dll
0x00007ff8556f0000 - 0x00007ff8556f8000 	C:\WINDOWS\System32\NSI.dll
0x000000005af90000 - 0x000000005afb6000 	C:\Program Files\Bonjour\mdnsNSP.dll
0x00007ff84d590000 - 0x00007ff84d59a000 	C:\Windows\System32\rasadhlp.dll
0x00007ff844f40000 - 0x00007ff844fc0000 	C:\WINDOWS\System32\fwpuclnt.dll
0x00007ff8549a0000 - 0x00007ff8549c7000 	C:\WINDOWS\System32\bcrypt.dll
0x00007ff84e460000 - 0x00007ff84e469000 	C:\Users\lzayoi\.jdks\openjdk-17.0.2\bin\management.dll
0x00007ff84e3a0000 - 0x00007ff84e3ab000 	C:\Users\lzayoi\.jdks\openjdk-17.0.2\bin\management_ext.dll
0x00007ff854060000 - 0x00007ff854078000 	C:\WINDOWS\SYSTEM32\CRYPTSP.dll
0x00007ff853730000 - 0x00007ff853764000 	C:\WINDOWS\system32\rsaenh.dll
0x00007ff8545c0000 - 0x00007ff8545ee000 	C:\WINDOWS\SYSTEM32\USERENV.dll
0x00007ff854080000 - 0x00007ff85408c000 	C:\WINDOWS\SYSTEM32\CRYPTBASE.dll
0x00007ff84d640000 - 0x00007ff84d657000 	C:\WINDOWS\SYSTEM32\dhcpcsvc6.DLL
0x00007ff84d620000 - 0x00007ff84d63d000 	C:\WINDOWS\SYSTEM32\dhcpcsvc.DLL
0x00007ff83a170000 - 0x00007ff83a187000 	C:\WINDOWS\system32\napinsp.dll
0x00007ff83a150000 - 0x00007ff83a16b000 	C:\WINDOWS\system32\pnrpnsp.dll
0x00007ff84ffd0000 - 0x00007ff84ffe5000 	C:\WINDOWS\system32\wshbth.dll
0x00007ff84fff0000 - 0x00007ff85000d000 	C:\WINDOWS\system32\NLAapi.dll
0x00007ff83a130000 - 0x00007ff83a142000 	C:\WINDOWS\System32\winrnr.dll

dbghelp: loaded successfully - version: 4.0.5 - missing functions: none
symbol engine: initialized successfully - sym options: 0x614 - pdb path: .;C:\Users\lzayoi\.jdks\openjdk-17.0.2\bin;C:\WINDOWS\SYSTEM32;C:\WINDOWS\WinSxS\amd64_microsoft.windows.common-controls_6595b64144ccf1df_6.0.19041.3636_none_60b6a03d71f818d5;C:\Users\lzayoi\.jdks\openjdk-17.0.2\bin\server;C:\Program Files\Bonjour

VM Arguments:
jvm_args: -agentlib:jdwp=transport=dt_socket,address=127.0.0.1:6209,suspend=y,server=n -XX:TieredStopAtLevel=1 -Xverify:none -Dspring.output.ansi.enabled=always -javaagent:C:\Users\lzayoi\AppData\Local\JetBrains\IntelliJIdea2021.1\captureAgent\debugger-agent.jar=file:/C:/Users/lzayoi/AppData/Local/Temp/capture.props -Dcom.sun.management.jmxremote -Dspring.jmx.enabled=true -Dspring.liveBeansView.mbeanDomain -Dspring.application.admin.enabled=true -Dfile.encoding=UTF-8 
java_command: com.yupi.project.MyApplication
java_class_path (initial): D:\yupi\api\yangapi-backend\target\classes;D:\BaiduNetdiskDownload\Maven\apache-maven-3.6.1\mvn_resp\org\apache\dubbo\dubbo-spring-boot-starter\3.2.8\dubbo-spring-boot-starter-3.2.8.jar;D:\BaiduNetdiskDownload\Maven\apache-maven-3.6.1\mvn_resp\org\apache\dubbo\dubbo-spring-boot-autoconfigure\3.2.8\dubbo-spring-boot-autoconfigure-3.2.8.jar;D:\BaiduNetdiskDownload\Maven\apache-maven-3.6.1\mvn_resp\org\apache\dubbo\dubbo-spring-boot-autoconfigure-compatible\3.2.8\dubbo-spring-boot-autoconfigure-compatible-3.2.8.jar;D:\BaiduNetdiskDownload\Maven\apache-maven-3.6.1\mvn_resp\org\apache\dubbo\dubbo\3.2.8\dubbo-3.2.8.jar;D:\BaiduNetdiskDownload\Maven\apache-maven-3.6.1\mvn_resp\com\alibaba\spring\spring-context-support\1.0.11\spring-context-support-1.0.11.jar;D:\BaiduNetdiskDownload\Maven\apache-maven-3.6.1\mvn_resp\org\javassist\javassist\3.29.2-GA\javassist-3.29.2-GA.jar;D:\BaiduNetdiskDownload\Maven\apache-maven-3.6.1\mvn_resp\io\netty\netty-all\4.1.77.Final\netty-all-4.1.77.Final.jar;D:\BaiduNetdiskDownload\Maven\apache-maven-3.6.1\mvn_resp\io\netty\netty-codec-dns\4.1.77.Final\netty-codec-dns-4.1.77.Final.jar;D:\BaiduNetdiskDownload\Maven\apache-maven-3.6.1\mvn_resp\io\netty\netty-codec-haproxy\4.1.77.Final\netty-codec-haproxy-4.1.77.Final.jar;D:\BaiduNetdiskDownload\Maven\apache-maven-3.6.1\mvn_resp\io\netty\netty-codec-http\4.1.77.Final\netty-codec-http-4.1.77.Final.jar;D:\BaiduNetdiskDownload\Maven\apache-maven-3.6.1\mvn_resp\io\netty\netty-codec-http2\4.1.77.Final\netty-codec-http2-4.1.77.Final.jar;D:\BaiduNetdiskDownload\Maven\apache-maven-3.6.1\mvn_resp\io\netty\netty-codec-memcache\4.1.77.Final\netty-codec-memcache-4.1.77.Final.jar;D:\BaiduNetdiskDownload\Maven\apache-maven-3.6.1\mvn_resp\io\netty\netty-codec-mqtt\4.1.77.Final\netty-codec-mqtt-4.1.77.Final.jar;D:\BaiduNetdiskDownload\Maven\apache-maven-3.6.1\mvn_resp\io\netty\netty-codec-redis\4.1.77.Final\netty-codec-redis-4.1.77.Final.jar;D:\BaiduNetdiskDownload\Maven\apache-maven-
Launcher Type: SUN_STANDARD

[Global flags]
     intx CICompilerCount                          = 4                                         {product} {ergonomic}
     uint ConcGCThreads                            = 2                                         {product} {ergonomic}
     uint G1ConcRefinementThreads                  = 8                                         {product} {ergonomic}
   size_t G1HeapRegionSize                         = 2097152                                   {product} {ergonomic}
    uintx GCDrainStackTargetSize                   = 64                                        {product} {ergonomic}
   size_t InitialHeapSize                          = 268435456                                 {product} {ergonomic}
     bool ManagementServer                         = true                                      {product} {command line}
   size_t MarkStackSize                            = 4194304                                   {product} {ergonomic}
   size_t MaxHeapSize                              = 4263510016                                {product} {ergonomic}
   size_t MaxNewSize                               = 2556428288                                {product} {ergonomic}
   size_t MinHeapDeltaBytes                        = 2097152                                   {product} {ergonomic}
   size_t MinHeapSize                              = 8388608                                   {product} {ergonomic}
    uintx NonProfiledCodeHeapSize                  = 0                                      {pd product} {ergonomic}
     bool ProfileInterpreter                       = false                                  {pd product} {command line}
    uintx ProfiledCodeHeapSize                     = 0                                      {pd product} {ergonomic}
   size_t SoftMaxHeapSize                          = 4263510016                             {manageable} {ergonomic}
     intx TieredStopAtLevel                        = 1                                         {product} {command line}
     bool UseCompressedClassPointers               = true                           {product lp64_product} {ergonomic}
     bool UseCompressedOops                        = true                           {product lp64_product} {ergonomic}
     bool UseG1GC                                  = true                                      {product} {ergonomic}
     bool UseLargePagesIndividualAllocation        = false                                  {pd product} {ergonomic}

Logging:
Log output configuration:
 #0: stdout all=warning uptime,level,tags
 #1: stderr all=off uptime,level,tags

Environment Variables:
JAVA_HOME=C:\Users\lzayoi\.jdks\corretto-1.8.0_332
PATH=C:\Users\lzayoi\AppData\Local\Yarn\bin;D:\node;C:\Windows\system32;C:\Windows;C:\Windows\System32\Wbem;C:\Windows\System32\WindowsPowerShell\v1.0\;C:\Program Files (x86)\NVIDIA Corporation\PhysX\Common;E:\erland9.2\erl9.2\bin;E:\python\Scripts\;E:\python\;C:\Program Files\MySQL\MySQL Shell 8.0\bin\;C:\Users\lzayoi\AppData\Local\Microsoft\WindowsApps;C:\IntelliJ IDEA Community Edition 2021.3.3\bin;;D:\Idea2023.1.5\IntelliJ IDEA 2023.1.5\bin;;E:\PyCharm Community Edition 2022.2.1\bin;;E:\WebStorm 2023.2.1\bin;;C:\Users\lzayoi\AppData\Roaming\npm
USERNAME=lzayoi
OS=Windows_NT
PROCESSOR_IDENTIFIER=Intel64 Family 6 Model 158 Stepping 10, GenuineIntel



---------------  S Y S T E M  ---------------

OS:
 Windows 10 , 64 bit Build 19041 (10.0.19041.3636)
OS uptime: 0 days 2:57 hours

CPU: total 8 (initial active 8) (4 cores per cpu, 2 threads per core) family 6 model 158 stepping 10 microcode 0xb4, cx8, cmov, fxsr, ht, mmx, 3dnowpref, sse, sse2, sse3, ssse3, sse4.1, sse4.2, popcnt, lzcnt, tsc, tscinvbit, avx, avx2, aes, erms, clmul, bmi1, bmi2, adx, fma, vzeroupper, clflush, clflushopt

Memory: 4k page, system-wide physical 16258M (1932M free)
TotalPageFile size 26013M (AvailPageFile size 6M)
current process WorkingSet (physical memory assigned to process): 88M, peak: 88M
current process commit charge ("private bytes"): 363M, peak: 363M

vm_info: OpenJDK 64-Bit Server VM (17.0.2+8-86) for windows-amd64 JRE (17.0.2+8-86), built on Dec  7 2021 21:49:10 by "mach5one" with MS VC++ 16.8 / 16.9 (VS2019)

END.
